"11/2/2023 2:14:17 PM","4672","Special privileges assigned to new logon.

Subject:
	Security ID:		S-1-5-18
	Account Name:		SYSTEM
	Account Domain:		NT AUTHORITY
	Logon ID:		0x3E7

Privileges:		SeAssignPrimaryTokenPrivilege
			SeTcbPrivilege
			SeSecurityPrivilege
			SeTakeOwnershipPrivilege
			SeLoadDriverPrivilege
			SeBackupPrivilege
			SeRestorePrivilege
			SeDebugPrivilege
			SeAuditPrivilege
			SeSystemEnvironmentPrivilege
			SeImpersonatePrivilege
			SeDelegateSessionUserImpersonatePrivilege"
"11/2/2023 2:14:17 PM","4624","An account was successfully logged on.

Subject:
	Security ID:		S-1-5-18
	Account Name:		DESKTOP-596PFOQ$
	Account Domain:		WORKGROUP
	Logon ID:		0x3E7

Logon Information:
	Logon Type:		5
	Restricted Admin Mode:	-
	Virtual Account:		No
	Elevated Token:		Yes

Impersonation Level:		Impersonation

New Logon:
	Security ID:		S-1-5-18
	Account Name:		SYSTEM
	Account Domain:		NT AUTHORITY
	Logon ID:		0x3E7
	Linked Logon ID:		0x0
	Network Account Name:	-
	Network Account Domain:	-
	Logon GUID:		{00000000-0000-0000-0000-000000000000}

Process Information:
	Process ID:		0x278
	Process Name:		C:\Windows\System32\services.exe

Network Information:
	Workstation Name:	-
	Source Network Address:	-
	Source Port:		-

Detailed Authentication Information:
	Logon Process:		Advapi  
	Authentication Package:	Negotiate
	Transited Services:	-
	Package Name (NTLM only):	-
	Key Length:		0

This event is generated when a logon session is created. It is generated on the computer that was accessed.

The subject fields indicate the account on the local system which requested the logon. This is most commonly a service such as the Server service, or a local process such as Winlogon.exe or Services.exe.

The logon type field indicates the kind of logon that occurred. The most common types are 2 (interactive) and 3 (network).

The New Logon fields indicate the account for whom the new logon was created, i.e. the account that was logged on.

The network fields indicate where a remote logon request originated. Workstation name is not always available and may be left blank in some cases.

The impersonation level field indicates the extent to which a process in the logon session can impersonate.

The authentication information fields provide detailed information about this specific logon request.
	- Logon GUID is a unique identifier that can be used to correlate this event with a KDC event.
	- Transited services indicate which intermediate services have participated in this logon request.
	- Package name indicates which sub-protocol was used among the NTLM protocols.
	- Key length indicates the length of the generated session key. This will be 0 if no session key was requested."
"11/2/2023 2:14:08 PM","4672","Special privileges assigned to new logon.

Subject:
	Security ID:		S-1-5-18
	Account Name:		SYSTEM
	Account Domain:		NT AUTHORITY
	Logon ID:		0x3E7

Privileges:		SeAssignPrimaryTokenPrivilege
			SeTcbPrivilege
			SeSecurityPrivilege
			SeTakeOwnershipPrivilege
			SeLoadDriverPrivilege
			SeBackupPrivilege
			SeRestorePrivilege
			SeDebugPrivilege
			SeAuditPrivilege
			SeSystemEnvironmentPrivilege
			SeImpersonatePrivilege
			SeDelegateSessionUserImpersonatePrivilege"
"11/2/2023 2:14:08 PM","4624","An account was successfully logged on.

Subject:
	Security ID:		S-1-5-18
	Account Name:		DESKTOP-596PFOQ$
	Account Domain:		WORKGROUP
	Logon ID:		0x3E7

Logon Information:
	Logon Type:		5
	Restricted Admin Mode:	-
	Virtual Account:		No
	Elevated Token:		Yes

Impersonation Level:		Impersonation

New Logon:
	Security ID:		S-1-5-18
	Account Name:		SYSTEM
	Account Domain:		NT AUTHORITY
	Logon ID:		0x3E7
	Linked Logon ID:		0x0
	Network Account Name:	-
	Network Account Domain:	-
	Logon GUID:		{00000000-0000-0000-0000-000000000000}

Process Information:
	Process ID:		0x278
	Process Name:		C:\Windows\System32\services.exe

Network Information:
	Workstation Name:	-
	Source Network Address:	-
	Source Port:		-

Detailed Authentication Information:
	Logon Process:		Advapi  
	Authentication Package:	Negotiate
	Transited Services:	-
	Package Name (NTLM only):	-
	Key Length:		0

This event is generated when a logon session is created. It is generated on the computer that was accessed.

The subject fields indicate the account on the local system which requested the logon. This is most commonly a service such as the Server service, or a local process such as Winlogon.exe or Services.exe.

The logon type field indicates the kind of logon that occurred. The most common types are 2 (interactive) and 3 (network).

The New Logon fields indicate the account for whom the new logon was created, i.e. the account that was logged on.

The network fields indicate where a remote logon request originated. Workstation name is not always available and may be left blank in some cases.

The impersonation level field indicates the extent to which a process in the logon session can impersonate.

The authentication information fields provide detailed information about this specific logon request.
	- Logon GUID is a unique identifier that can be used to correlate this event with a KDC event.
	- Transited services indicate which intermediate services have participated in this logon request.
	- Package name indicates which sub-protocol was used among the NTLM protocols.
	- Key length indicates the length of the generated session key. This will be 0 if no session key was requested."
"11/2/2023 2:14:07 PM","4672","Special privileges assigned to new logon.

Subject:
	Security ID:		S-1-5-18
	Account Name:		SYSTEM
	Account Domain:		NT AUTHORITY
	Logon ID:		0x3E7

Privileges:		SeAssignPrimaryTokenPrivilege
			SeTcbPrivilege
			SeSecurityPrivilege
			SeTakeOwnershipPrivilege
			SeLoadDriverPrivilege
			SeBackupPrivilege
			SeRestorePrivilege
			SeDebugPrivilege
			SeAuditPrivilege
			SeSystemEnvironmentPrivilege
			SeImpersonatePrivilege
			SeDelegateSessionUserImpersonatePrivilege"
"11/2/2023 2:14:07 PM","4624","An account was successfully logged on.

Subject:
	Security ID:		S-1-5-18
	Account Name:		DESKTOP-596PFOQ$
	Account Domain:		WORKGROUP
	Logon ID:		0x3E7

Logon Information:
	Logon Type:		5
	Restricted Admin Mode:	-
	Virtual Account:		No
	Elevated Token:		Yes

Impersonation Level:		Impersonation

New Logon:
	Security ID:		S-1-5-18
	Account Name:		SYSTEM
	Account Domain:		NT AUTHORITY
	Logon ID:		0x3E7
	Linked Logon ID:		0x0
	Network Account Name:	-
	Network Account Domain:	-
	Logon GUID:		{00000000-0000-0000-0000-000000000000}

Process Information:
	Process ID:		0x278
	Process Name:		C:\Windows\System32\services.exe

Network Information:
	Workstation Name:	-
	Source Network Address:	-
	Source Port:		-

Detailed Authentication Information:
	Logon Process:		Advapi  
	Authentication Package:	Negotiate
	Transited Services:	-
	Package Name (NTLM only):	-
	Key Length:		0

This event is generated when a logon session is created. It is generated on the computer that was accessed.

The subject fields indicate the account on the local system which requested the logon. This is most commonly a service such as the Server service, or a local process such as Winlogon.exe or Services.exe.

The logon type field indicates the kind of logon that occurred. The most common types are 2 (interactive) and 3 (network).

The New Logon fields indicate the account for whom the new logon was created, i.e. the account that was logged on.

The network fields indicate where a remote logon request originated. Workstation name is not always available and may be left blank in some cases.

The impersonation level field indicates the extent to which a process in the logon session can impersonate.

The authentication information fields provide detailed information about this specific logon request.
	- Logon GUID is a unique identifier that can be used to correlate this event with a KDC event.
	- Transited services indicate which intermediate services have participated in this logon request.
	- Package name indicates which sub-protocol was used among the NTLM protocols.
	- Key length indicates the length of the generated session key. This will be 0 if no session key was requested."
"11/2/2023 2:12:03 PM","4672","Special privileges assigned to new logon.

Subject:
	Security ID:		S-1-5-18
	Account Name:		SYSTEM
	Account Domain:		NT AUTHORITY
	Logon ID:		0x3E7

Privileges:		SeAssignPrimaryTokenPrivilege
			SeTcbPrivilege
			SeSecurityPrivilege
			SeTakeOwnershipPrivilege
			SeLoadDriverPrivilege
			SeBackupPrivilege
			SeRestorePrivilege
			SeDebugPrivilege
			SeAuditPrivilege
			SeSystemEnvironmentPrivilege
			SeImpersonatePrivilege
			SeDelegateSessionUserImpersonatePrivilege"
"11/2/2023 2:12:03 PM","4624","An account was successfully logged on.

Subject:
	Security ID:		S-1-5-18
	Account Name:		DESKTOP-596PFOQ$
	Account Domain:		WORKGROUP
	Logon ID:		0x3E7

Logon Information:
	Logon Type:		5
	Restricted Admin Mode:	-
	Virtual Account:		No
	Elevated Token:		Yes

Impersonation Level:		Impersonation

New Logon:
	Security ID:		S-1-5-18
	Account Name:		SYSTEM
	Account Domain:		NT AUTHORITY
	Logon ID:		0x3E7
	Linked Logon ID:		0x0
	Network Account Name:	-
	Network Account Domain:	-
	Logon GUID:		{00000000-0000-0000-0000-000000000000}

Process Information:
	Process ID:		0x278
	Process Name:		C:\Windows\System32\services.exe

Network Information:
	Workstation Name:	-
	Source Network Address:	-
	Source Port:		-

Detailed Authentication Information:
	Logon Process:		Advapi  
	Authentication Package:	Negotiate
	Transited Services:	-
	Package Name (NTLM only):	-
	Key Length:		0

This event is generated when a logon session is created. It is generated on the computer that was accessed.

The subject fields indicate the account on the local system which requested the logon. This is most commonly a service such as the Server service, or a local process such as Winlogon.exe or Services.exe.

The logon type field indicates the kind of logon that occurred. The most common types are 2 (interactive) and 3 (network).

The New Logon fields indicate the account for whom the new logon was created, i.e. the account that was logged on.

The network fields indicate where a remote logon request originated. Workstation name is not always available and may be left blank in some cases.

The impersonation level field indicates the extent to which a process in the logon session can impersonate.

The authentication information fields provide detailed information about this specific logon request.
	- Logon GUID is a unique identifier that can be used to correlate this event with a KDC event.
	- Transited services indicate which intermediate services have participated in this logon request.
	- Package name indicates which sub-protocol was used among the NTLM protocols.
	- Key length indicates the length of the generated session key. This will be 0 if no session key was requested."
"11/2/2023 2:04:33 PM","4798","A user's local group membership was enumerated.

Subject:
	Security ID:		S-1-5-21-3288717987-2730081823-2935717189-1002
	Account Name:		champuser
	Account Domain:		DESKTOP-596PFOQ
	Logon ID:		0xCA8AD

User:
	Security ID:		S-1-5-21-3288717987-2730081823-2935717189-1002
	Account Name:		champuser
	Account Domain:		DESKTOP-596PFOQ

Process Information:
	Process ID:		0x11a4
	Process Name:		C:\Users\champuser\AppData\Local\gitkraken\app-9.9.2\resources\app.asar.unpacked\git\usr\bin\sh.exe"
"11/2/2023 2:04:33 PM","4798","A user's local group membership was enumerated.

Subject:
	Security ID:		S-1-5-21-3288717987-2730081823-2935717189-1002
	Account Name:		champuser
	Account Domain:		DESKTOP-596PFOQ
	Logon ID:		0xCA8AD

User:
	Security ID:		S-1-5-21-3288717987-2730081823-2935717189-1002
	Account Name:		champuser
	Account Domain:		DESKTOP-596PFOQ

Process Information:
	Process ID:		0xff8
	Process Name:		C:\Users\champuser\AppData\Local\gitkraken\app-9.9.2\resources\app.asar.unpacked\git\usr\bin\sh.exe"
"11/2/2023 2:04:32 PM","4798","A user's local group membership was enumerated.

Subject:
	Security ID:		S-1-5-21-3288717987-2730081823-2935717189-1002
	Account Name:		champuser
	Account Domain:		DESKTOP-596PFOQ
	Logon ID:		0xCA8AD

User:
	Security ID:		S-1-5-21-3288717987-2730081823-2935717189-1002
	Account Name:		champuser
	Account Domain:		DESKTOP-596PFOQ

Process Information:
	Process ID:		0x7ac
	Process Name:		C:\Users\champuser\AppData\Local\gitkraken\app-9.9.2\resources\app.asar.unpacked\git\usr\bin\sh.exe"
"11/2/2023 2:04:31 PM","4798","A user's local group membership was enumerated.

Subject:
	Security ID:		S-1-5-21-3288717987-2730081823-2935717189-1002
	Account Name:		champuser
	Account Domain:		DESKTOP-596PFOQ
	Logon ID:		0xCA8AD

User:
	Security ID:		S-1-5-21-3288717987-2730081823-2935717189-1002
	Account Name:		champuser
	Account Domain:		DESKTOP-596PFOQ

Process Information:
	Process ID:		0x1760
	Process Name:		C:\Users\champuser\AppData\Local\gitkraken\app-9.9.2\resources\app.asar.unpacked\git\usr\bin\sh.exe"
"11/2/2023 2:04:30 PM","4798","A user's local group membership was enumerated.

Subject:
	Security ID:		S-1-5-21-3288717987-2730081823-2935717189-1002
	Account Name:		champuser
	Account Domain:		DESKTOP-596PFOQ
	Logon ID:		0xCA8AD

User:
	Security ID:		S-1-5-21-3288717987-2730081823-2935717189-1002
	Account Name:		champuser
	Account Domain:		DESKTOP-596PFOQ

Process Information:
	Process ID:		0x15e4
	Process Name:		C:\Users\champuser\AppData\Local\gitkraken\app-9.9.2\resources\app.asar.unpacked\git\usr\bin\sh.exe"
"11/2/2023 2:04:04 PM","5382","Vault credentials were read.

Subject:
	Security ID:		S-1-5-21-3288717987-2730081823-2935717189-1002
	Account Name:		champuser
	Account Domain:		DESKTOP-596PFOQ
	Logon ID:		0xCA8AD

This event occurs when a user reads a stored vault credential."
"11/2/2023 2:04:00 PM","5382","Vault credentials were read.

Subject:
	Security ID:		S-1-5-21-3288717987-2730081823-2935717189-1002
	Account Name:		champuser
	Account Domain:		DESKTOP-596PFOQ
	Logon ID:		0xCA8AD

This event occurs when a user reads a stored vault credential."
"11/2/2023 1:59:34 PM","4798","A user's local group membership was enumerated.

Subject:
	Security ID:		S-1-5-21-3288717987-2730081823-2935717189-1002
	Account Name:		champuser
	Account Domain:		DESKTOP-596PFOQ
	Logon ID:		0xCA8AD

User:
	Security ID:		S-1-5-21-3288717987-2730081823-2935717189-1002
	Account Name:		champuser
	Account Domain:		DESKTOP-596PFOQ

Process Information:
	Process ID:		0x1134
	Process Name:		C:\Users\champuser\AppData\Local\gitkraken\app-9.9.2\resources\app.asar.unpacked\git\usr\bin\sh.exe"
"11/2/2023 1:59:14 PM","4798","A user's local group membership was enumerated.

Subject:
	Security ID:		S-1-5-21-3288717987-2730081823-2935717189-1002
	Account Name:		champuser
	Account Domain:		DESKTOP-596PFOQ
	Logon ID:		0xCA8AD

User:
	Security ID:		S-1-5-21-3288717987-2730081823-2935717189-1002
	Account Name:		champuser
	Account Domain:		DESKTOP-596PFOQ

Process Information:
	Process ID:		0x17ac
	Process Name:		C:\Users\champuser\AppData\Local\gitkraken\app-9.9.2\resources\app.asar.unpacked\git\usr\bin\sh.exe"
"11/2/2023 1:58:13 PM","4798","A user's local group membership was enumerated.

Subject:
	Security ID:		S-1-5-21-3288717987-2730081823-2935717189-1002
	Account Name:		champuser
	Account Domain:		DESKTOP-596PFOQ
	Logon ID:		0xCA8AD

User:
	Security ID:		S-1-5-21-3288717987-2730081823-2935717189-1002
	Account Name:		champuser
	Account Domain:		DESKTOP-596PFOQ

Process Information:
	Process ID:		0x127c
	Process Name:		C:\Users\champuser\AppData\Local\gitkraken\app-9.9.2\resources\app.asar.unpacked\git\usr\bin\sh.exe"
"11/2/2023 1:57:39 PM","4798","A user's local group membership was enumerated.

Subject:
	Security ID:		S-1-5-21-3288717987-2730081823-2935717189-1002
	Account Name:		champuser
	Account Domain:		DESKTOP-596PFOQ
	Logon ID:		0xCA8AD

User:
	Security ID:		S-1-5-21-3288717987-2730081823-2935717189-1002
	Account Name:		champuser
	Account Domain:		DESKTOP-596PFOQ

Process Information:
	Process ID:		0x1440
	Process Name:		C:\Users\champuser\AppData\Local\gitkraken\app-9.9.2\resources\app.asar.unpacked\git\usr\bin\sh.exe"
"11/2/2023 1:56:44 PM","4798","A user's local group membership was enumerated.

Subject:
	Security ID:		S-1-5-21-3288717987-2730081823-2935717189-1002
	Account Name:		champuser
	Account Domain:		DESKTOP-596PFOQ
	Logon ID:		0xCA8AD

User:
	Security ID:		S-1-5-21-3288717987-2730081823-2935717189-1002
	Account Name:		champuser
	Account Domain:		DESKTOP-596PFOQ

Process Information:
	Process ID:		0x17e4
	Process Name:		C:\Users\champuser\AppData\Local\gitkraken\app-9.9.2\resources\app.asar.unpacked\git\usr\bin\sh.exe"
"11/2/2023 1:56:30 PM","4798","A user's local group membership was enumerated.

Subject:
	Security ID:		S-1-5-21-3288717987-2730081823-2935717189-1002
	Account Name:		champuser
	Account Domain:		DESKTOP-596PFOQ
	Logon ID:		0xCA8AD

User:
	Security ID:		S-1-5-21-3288717987-2730081823-2935717189-1002
	Account Name:		champuser
	Account Domain:		DESKTOP-596PFOQ

Process Information:
	Process ID:		0x17fc
	Process Name:		C:\Users\champuser\AppData\Local\gitkraken\app-9.9.2\resources\app.asar.unpacked\git\usr\bin\sh.exe"
"11/2/2023 1:56:21 PM","4798","A user's local group membership was enumerated.

Subject:
	Security ID:		S-1-5-21-3288717987-2730081823-2935717189-1002
	Account Name:		champuser
	Account Domain:		DESKTOP-596PFOQ
	Logon ID:		0xCA8AD

User:
	Security ID:		S-1-5-21-3288717987-2730081823-2935717189-1002
	Account Name:		champuser
	Account Domain:		DESKTOP-596PFOQ

Process Information:
	Process ID:		0xd50
	Process Name:		C:\Users\champuser\AppData\Local\gitkraken\app-9.9.2\resources\app.asar.unpacked\git\usr\bin\sh.exe"
"11/2/2023 1:56:20 PM","4798","A user's local group membership was enumerated.

Subject:
	Security ID:		S-1-5-21-3288717987-2730081823-2935717189-1002
	Account Name:		champuser
	Account Domain:		DESKTOP-596PFOQ
	Logon ID:		0xCA8AD

User:
	Security ID:		S-1-5-21-3288717987-2730081823-2935717189-1002
	Account Name:		champuser
	Account Domain:		DESKTOP-596PFOQ

Process Information:
	Process ID:		0x7fc
	Process Name:		C:\Windows\explorer.exe"
"11/2/2023 1:56:18 PM","4798","A user's local group membership was enumerated.

Subject:
	Security ID:		S-1-5-21-3288717987-2730081823-2935717189-1002
	Account Name:		champuser
	Account Domain:		DESKTOP-596PFOQ
	Logon ID:		0xCA8AD

User:
	Security ID:		S-1-5-21-3288717987-2730081823-2935717189-1002
	Account Name:		champuser
	Account Domain:		DESKTOP-596PFOQ

Process Information:
	Process ID:		0x1398
	Process Name:		C:\Users\champuser\AppData\Local\gitkraken\app-9.9.2\resources\app.asar.unpacked\git\usr\bin\sh.exe"
"11/2/2023 1:56:17 PM","4798","A user's local group membership was enumerated.

Subject:
	Security ID:		S-1-5-21-3288717987-2730081823-2935717189-1002
	Account Name:		champuser
	Account Domain:		DESKTOP-596PFOQ
	Logon ID:		0xCA8AD

User:
	Security ID:		S-1-5-21-3288717987-2730081823-2935717189-1002
	Account Name:		champuser
	Account Domain:		DESKTOP-596PFOQ

Process Information:
	Process ID:		0x1508
	Process Name:		C:\Users\champuser\AppData\Local\gitkraken\app-9.9.2\resources\app.asar.unpacked\git\usr\bin\sh.exe"
"11/2/2023 1:56:17 PM","4798","A user's local group membership was enumerated.

Subject:
	Security ID:		S-1-5-21-3288717987-2730081823-2935717189-1002
	Account Name:		champuser
	Account Domain:		DESKTOP-596PFOQ
	Logon ID:		0xCA8AD

User:
	Security ID:		S-1-5-21-3288717987-2730081823-2935717189-1002
	Account Name:		champuser
	Account Domain:		DESKTOP-596PFOQ

Process Information:
	Process ID:		0x1700
	Process Name:		C:\Users\champuser\AppData\Local\gitkraken\app-9.9.2\resources\app.asar.unpacked\git\usr\bin\sh.exe"
"11/2/2023 1:56:17 PM","4798","A user's local group membership was enumerated.

Subject:
	Security ID:		S-1-5-21-3288717987-2730081823-2935717189-1002
	Account Name:		champuser
	Account Domain:		DESKTOP-596PFOQ
	Logon ID:		0xCA8AD

User:
	Security ID:		S-1-5-21-3288717987-2730081823-2935717189-1002
	Account Name:		champuser
	Account Domain:		DESKTOP-596PFOQ

Process Information:
	Process ID:		0x7fc
	Process Name:		C:\Windows\explorer.exe"
"11/2/2023 1:56:17 PM","4798","A user's local group membership was enumerated.

Subject:
	Security ID:		S-1-5-21-3288717987-2730081823-2935717189-1002
	Account Name:		champuser
	Account Domain:		DESKTOP-596PFOQ
	Logon ID:		0xCA8AD

User:
	Security ID:		S-1-5-21-3288717987-2730081823-2935717189-1002
	Account Name:		champuser
	Account Domain:		DESKTOP-596PFOQ

Process Information:
	Process ID:		0x1484
	Process Name:		C:\Users\champuser\AppData\Local\gitkraken\app-9.9.2\resources\app.asar.unpacked\git\usr\bin\sh.exe"
"11/2/2023 1:56:17 PM","4798","A user's local group membership was enumerated.

Subject:
	Security ID:		S-1-5-21-3288717987-2730081823-2935717189-1002
	Account Name:		champuser
	Account Domain:		DESKTOP-596PFOQ
	Logon ID:		0xCA8AD

User:
	Security ID:		S-1-5-21-3288717987-2730081823-2935717189-1002
	Account Name:		champuser
	Account Domain:		DESKTOP-596PFOQ

Process Information:
	Process ID:		0x4e0
	Process Name:		C:\Users\champuser\AppData\Local\gitkraken\app-9.9.2\resources\app.asar.unpacked\git\usr\bin\sh.exe"
"11/2/2023 1:56:17 PM","4798","A user's local group membership was enumerated.

Subject:
	Security ID:		S-1-5-21-3288717987-2730081823-2935717189-1002
	Account Name:		champuser
	Account Domain:		DESKTOP-596PFOQ
	Logon ID:		0xCA8AD

User:
	Security ID:		S-1-5-21-3288717987-2730081823-2935717189-1002
	Account Name:		champuser
	Account Domain:		DESKTOP-596PFOQ

Process Information:
	Process ID:		0xbdc
	Process Name:		C:\Users\champuser\AppData\Local\gitkraken\app-9.9.2\resources\app.asar.unpacked\git\usr\bin\sh.exe"
"11/2/2023 1:56:16 PM","4798","A user's local group membership was enumerated.

Subject:
	Security ID:		S-1-5-21-3288717987-2730081823-2935717189-1002
	Account Name:		champuser
	Account Domain:		DESKTOP-596PFOQ
	Logon ID:		0xCA8AD

User:
	Security ID:		S-1-5-21-3288717987-2730081823-2935717189-1002
	Account Name:		champuser
	Account Domain:		DESKTOP-596PFOQ

Process Information:
	Process ID:		0x8cc
	Process Name:		C:\Users\champuser\AppData\Local\gitkraken\app-9.9.2\resources\app.asar.unpacked\git\usr\bin\sh.exe"
"11/2/2023 1:56:06 PM","4798","A user's local group membership was enumerated.

Subject:
	Security ID:		S-1-5-21-3288717987-2730081823-2935717189-1002
	Account Name:		champuser
	Account Domain:		DESKTOP-596PFOQ
	Logon ID:		0xCA8AD

User:
	Security ID:		S-1-5-21-3288717987-2730081823-2935717189-1002
	Account Name:		champuser
	Account Domain:		DESKTOP-596PFOQ

Process Information:
	Process ID:		0x7fc
	Process Name:		C:\Windows\explorer.exe"
"11/2/2023 1:51:33 PM","4672","Special privileges assigned to new logon.

Subject:
	Security ID:		S-1-5-18
	Account Name:		SYSTEM
	Account Domain:		NT AUTHORITY
	Logon ID:		0x3E7

Privileges:		SeAssignPrimaryTokenPrivilege
			SeTcbPrivilege
			SeSecurityPrivilege
			SeTakeOwnershipPrivilege
			SeLoadDriverPrivilege
			SeBackupPrivilege
			SeRestorePrivilege
			SeDebugPrivilege
			SeAuditPrivilege
			SeSystemEnvironmentPrivilege
			SeImpersonatePrivilege
			SeDelegateSessionUserImpersonatePrivilege"
"11/2/2023 1:51:33 PM","4624","An account was successfully logged on.

Subject:
	Security ID:		S-1-5-18
	Account Name:		DESKTOP-596PFOQ$
	Account Domain:		WORKGROUP
	Logon ID:		0x3E7

Logon Information:
	Logon Type:		5
	Restricted Admin Mode:	-
	Virtual Account:		No
	Elevated Token:		Yes

Impersonation Level:		Impersonation

New Logon:
	Security ID:		S-1-5-18
	Account Name:		SYSTEM
	Account Domain:		NT AUTHORITY
	Logon ID:		0x3E7
	Linked Logon ID:		0x0
	Network Account Name:	-
	Network Account Domain:	-
	Logon GUID:		{00000000-0000-0000-0000-000000000000}

Process Information:
	Process ID:		0x278
	Process Name:		C:\Windows\System32\services.exe

Network Information:
	Workstation Name:	-
	Source Network Address:	-
	Source Port:		-

Detailed Authentication Information:
	Logon Process:		Advapi  
	Authentication Package:	Negotiate
	Transited Services:	-
	Package Name (NTLM only):	-
	Key Length:		0

This event is generated when a logon session is created. It is generated on the computer that was accessed.

The subject fields indicate the account on the local system which requested the logon. This is most commonly a service such as the Server service, or a local process such as Winlogon.exe or Services.exe.

The logon type field indicates the kind of logon that occurred. The most common types are 2 (interactive) and 3 (network).

The New Logon fields indicate the account for whom the new logon was created, i.e. the account that was logged on.

The network fields indicate where a remote logon request originated. Workstation name is not always available and may be left blank in some cases.

The impersonation level field indicates the extent to which a process in the logon session can impersonate.

The authentication information fields provide detailed information about this specific logon request.
	- Logon GUID is a unique identifier that can be used to correlate this event with a KDC event.
	- Transited services indicate which intermediate services have participated in this logon request.
	- Package name indicates which sub-protocol was used among the NTLM protocols.
	- Key length indicates the length of the generated session key. This will be 0 if no session key was requested."
"11/2/2023 1:51:21 PM","4799","A security-enabled local group membership was enumerated.

Subject:
	Security ID:		S-1-5-18
	Account Name:		DESKTOP-596PFOQ$
	Account Domain:		WORKGROUP
	Logon ID:		0x3E7

Group:
	Security ID:		S-1-5-32-551
	Group Name:		Backup Operators
	Group Domain:		Builtin

Process Information:
	Process ID:		0x17d8
	Process Name:		C:\Windows\System32\svchost.exe"
"11/2/2023 1:51:21 PM","4799","A security-enabled local group membership was enumerated.

Subject:
	Security ID:		S-1-5-18
	Account Name:		DESKTOP-596PFOQ$
	Account Domain:		WORKGROUP
	Logon ID:		0x3E7

Group:
	Security ID:		S-1-5-32-544
	Group Name:		Administrators
	Group Domain:		Builtin

Process Information:
	Process ID:		0x17d8
	Process Name:		C:\Windows\System32\svchost.exe"
"11/2/2023 1:51:18 PM","4672","Special privileges assigned to new logon.

Subject:
	Security ID:		S-1-5-18
	Account Name:		SYSTEM
	Account Domain:		NT AUTHORITY
	Logon ID:		0x3E7

Privileges:		SeAssignPrimaryTokenPrivilege
			SeTcbPrivilege
			SeSecurityPrivilege
			SeTakeOwnershipPrivilege
			SeLoadDriverPrivilege
			SeBackupPrivilege
			SeRestorePrivilege
			SeDebugPrivilege
			SeAuditPrivilege
			SeSystemEnvironmentPrivilege
			SeImpersonatePrivilege
			SeDelegateSessionUserImpersonatePrivilege"
"11/2/2023 1:51:18 PM","4624","An account was successfully logged on.

Subject:
	Security ID:		S-1-5-18
	Account Name:		DESKTOP-596PFOQ$
	Account Domain:		WORKGROUP
	Logon ID:		0x3E7

Logon Information:
	Logon Type:		5
	Restricted Admin Mode:	-
	Virtual Account:		No
	Elevated Token:		Yes

Impersonation Level:		Impersonation

New Logon:
	Security ID:		S-1-5-18
	Account Name:		SYSTEM
	Account Domain:		NT AUTHORITY
	Logon ID:		0x3E7
	Linked Logon ID:		0x0
	Network Account Name:	-
	Network Account Domain:	-
	Logon GUID:		{00000000-0000-0000-0000-000000000000}

Process Information:
	Process ID:		0x278
	Process Name:		C:\Windows\System32\services.exe

Network Information:
	Workstation Name:	-
	Source Network Address:	-
	Source Port:		-

Detailed Authentication Information:
	Logon Process:		Advapi  
	Authentication Package:	Negotiate
	Transited Services:	-
	Package Name (NTLM only):	-
	Key Length:		0

This event is generated when a logon session is created. It is generated on the computer that was accessed.

The subject fields indicate the account on the local system which requested the logon. This is most commonly a service such as the Server service, or a local process such as Winlogon.exe or Services.exe.

The logon type field indicates the kind of logon that occurred. The most common types are 2 (interactive) and 3 (network).

The New Logon fields indicate the account for whom the new logon was created, i.e. the account that was logged on.

The network fields indicate where a remote logon request originated. Workstation name is not always available and may be left blank in some cases.

The impersonation level field indicates the extent to which a process in the logon session can impersonate.

The authentication information fields provide detailed information about this specific logon request.
	- Logon GUID is a unique identifier that can be used to correlate this event with a KDC event.
	- Transited services indicate which intermediate services have participated in this logon request.
	- Package name indicates which sub-protocol was used among the NTLM protocols.
	- Key length indicates the length of the generated session key. This will be 0 if no session key was requested."
"11/2/2023 1:30:20 PM","4798","A user's local group membership was enumerated.

Subject:
	Security ID:		S-1-5-21-3288717987-2730081823-2935717189-1002
	Account Name:		champuser
	Account Domain:		DESKTOP-596PFOQ
	Logon ID:		0xCA887

User:
	Security ID:		S-1-5-21-3288717987-2730081823-2935717189-1002
	Account Name:		champuser
	Account Domain:		DESKTOP-596PFOQ

Process Information:
	Process ID:		0x1218
	Process Name:		C:\Windows\System32\WindowsPowerShell\v1.0\powershell_ise.exe"
"11/2/2023 1:25:43 PM","4672","Special privileges assigned to new logon.

Subject:
	Security ID:		S-1-5-18
	Account Name:		SYSTEM
	Account Domain:		NT AUTHORITY
	Logon ID:		0x3E7

Privileges:		SeAssignPrimaryTokenPrivilege
			SeTcbPrivilege
			SeSecurityPrivilege
			SeTakeOwnershipPrivilege
			SeLoadDriverPrivilege
			SeBackupPrivilege
			SeRestorePrivilege
			SeDebugPrivilege
			SeAuditPrivilege
			SeSystemEnvironmentPrivilege
			SeImpersonatePrivilege
			SeDelegateSessionUserImpersonatePrivilege"
"11/2/2023 1:25:43 PM","4624","An account was successfully logged on.

Subject:
	Security ID:		S-1-5-18
	Account Name:		DESKTOP-596PFOQ$
	Account Domain:		WORKGROUP
	Logon ID:		0x3E7

Logon Information:
	Logon Type:		5
	Restricted Admin Mode:	-
	Virtual Account:		No
	Elevated Token:		Yes

Impersonation Level:		Impersonation

New Logon:
	Security ID:		S-1-5-18
	Account Name:		SYSTEM
	Account Domain:		NT AUTHORITY
	Logon ID:		0x3E7
	Linked Logon ID:		0x0
	Network Account Name:	-
	Network Account Domain:	-
	Logon GUID:		{00000000-0000-0000-0000-000000000000}

Process Information:
	Process ID:		0x278
	Process Name:		C:\Windows\System32\services.exe

Network Information:
	Workstation Name:	-
	Source Network Address:	-
	Source Port:		-

Detailed Authentication Information:
	Logon Process:		Advapi  
	Authentication Package:	Negotiate
	Transited Services:	-
	Package Name (NTLM only):	-
	Key Length:		0

This event is generated when a logon session is created. It is generated on the computer that was accessed.

The subject fields indicate the account on the local system which requested the logon. This is most commonly a service such as the Server service, or a local process such as Winlogon.exe or Services.exe.

The logon type field indicates the kind of logon that occurred. The most common types are 2 (interactive) and 3 (network).

The New Logon fields indicate the account for whom the new logon was created, i.e. the account that was logged on.

The network fields indicate where a remote logon request originated. Workstation name is not always available and may be left blank in some cases.

The impersonation level field indicates the extent to which a process in the logon session can impersonate.

The authentication information fields provide detailed information about this specific logon request.
	- Logon GUID is a unique identifier that can be used to correlate this event with a KDC event.
	- Transited services indicate which intermediate services have participated in this logon request.
	- Package name indicates which sub-protocol was used among the NTLM protocols.
	- Key length indicates the length of the generated session key. This will be 0 if no session key was requested."
"11/2/2023 1:18:10 PM","4672","Special privileges assigned to new logon.

Subject:
	Security ID:		S-1-5-18
	Account Name:		SYSTEM
	Account Domain:		NT AUTHORITY
	Logon ID:		0x3E7

Privileges:		SeAssignPrimaryTokenPrivilege
			SeTcbPrivilege
			SeSecurityPrivilege
			SeTakeOwnershipPrivilege
			SeLoadDriverPrivilege
			SeBackupPrivilege
			SeRestorePrivilege
			SeDebugPrivilege
			SeAuditPrivilege
			SeSystemEnvironmentPrivilege
			SeImpersonatePrivilege
			SeDelegateSessionUserImpersonatePrivilege"
"11/2/2023 1:18:10 PM","4624","An account was successfully logged on.

Subject:
	Security ID:		S-1-5-18
	Account Name:		DESKTOP-596PFOQ$
	Account Domain:		WORKGROUP
	Logon ID:		0x3E7

Logon Information:
	Logon Type:		5
	Restricted Admin Mode:	-
	Virtual Account:		No
	Elevated Token:		Yes

Impersonation Level:		Impersonation

New Logon:
	Security ID:		S-1-5-18
	Account Name:		SYSTEM
	Account Domain:		NT AUTHORITY
	Logon ID:		0x3E7
	Linked Logon ID:		0x0
	Network Account Name:	-
	Network Account Domain:	-
	Logon GUID:		{00000000-0000-0000-0000-000000000000}

Process Information:
	Process ID:		0x278
	Process Name:		C:\Windows\System32\services.exe

Network Information:
	Workstation Name:	-
	Source Network Address:	-
	Source Port:		-

Detailed Authentication Information:
	Logon Process:		Advapi  
	Authentication Package:	Negotiate
	Transited Services:	-
	Package Name (NTLM only):	-
	Key Length:		0

This event is generated when a logon session is created. It is generated on the computer that was accessed.

The subject fields indicate the account on the local system which requested the logon. This is most commonly a service such as the Server service, or a local process such as Winlogon.exe or Services.exe.

The logon type field indicates the kind of logon that occurred. The most common types are 2 (interactive) and 3 (network).

The New Logon fields indicate the account for whom the new logon was created, i.e. the account that was logged on.

The network fields indicate where a remote logon request originated. Workstation name is not always available and may be left blank in some cases.

The impersonation level field indicates the extent to which a process in the logon session can impersonate.

The authentication information fields provide detailed information about this specific logon request.
	- Logon GUID is a unique identifier that can be used to correlate this event with a KDC event.
	- Transited services indicate which intermediate services have participated in this logon request.
	- Package name indicates which sub-protocol was used among the NTLM protocols.
	- Key length indicates the length of the generated session key. This will be 0 if no session key was requested."
"11/2/2023 1:18:10 PM","4799","A security-enabled local group membership was enumerated.

Subject:
	Security ID:		S-1-5-18
	Account Name:		DESKTOP-596PFOQ$
	Account Domain:		WORKGROUP
	Logon ID:		0x3E7

Group:
	Security ID:		S-1-5-32-551
	Group Name:		Backup Operators
	Group Domain:		Builtin

Process Information:
	Process ID:		0x7d8
	Process Name:		C:\Windows\System32\svchost.exe"
"11/2/2023 1:18:10 PM","4799","A security-enabled local group membership was enumerated.

Subject:
	Security ID:		S-1-5-18
	Account Name:		DESKTOP-596PFOQ$
	Account Domain:		WORKGROUP
	Logon ID:		0x3E7

Group:
	Security ID:		S-1-5-32-544
	Group Name:		Administrators
	Group Domain:		Builtin

Process Information:
	Process ID:		0x7d8
	Process Name:		C:\Windows\System32\svchost.exe"
"11/2/2023 1:18:07 PM","4672","Special privileges assigned to new logon.

Subject:
	Security ID:		S-1-5-18
	Account Name:		SYSTEM
	Account Domain:		NT AUTHORITY
	Logon ID:		0x3E7

Privileges:		SeAssignPrimaryTokenPrivilege
			SeTcbPrivilege
			SeSecurityPrivilege
			SeTakeOwnershipPrivilege
			SeLoadDriverPrivilege
			SeBackupPrivilege
			SeRestorePrivilege
			SeDebugPrivilege
			SeAuditPrivilege
			SeSystemEnvironmentPrivilege
			SeImpersonatePrivilege
			SeDelegateSessionUserImpersonatePrivilege"
"11/2/2023 1:18:07 PM","4624","An account was successfully logged on.

Subject:
	Security ID:		S-1-5-18
	Account Name:		DESKTOP-596PFOQ$
	Account Domain:		WORKGROUP
	Logon ID:		0x3E7

Logon Information:
	Logon Type:		5
	Restricted Admin Mode:	-
	Virtual Account:		No
	Elevated Token:		Yes

Impersonation Level:		Impersonation

New Logon:
	Security ID:		S-1-5-18
	Account Name:		SYSTEM
	Account Domain:		NT AUTHORITY
	Logon ID:		0x3E7
	Linked Logon ID:		0x0
	Network Account Name:	-
	Network Account Domain:	-
	Logon GUID:		{00000000-0000-0000-0000-000000000000}

Process Information:
	Process ID:		0x278
	Process Name:		C:\Windows\System32\services.exe

Network Information:
	Workstation Name:	-
	Source Network Address:	-
	Source Port:		-

Detailed Authentication Information:
	Logon Process:		Advapi  
	Authentication Package:	Negotiate
	Transited Services:	-
	Package Name (NTLM only):	-
	Key Length:		0

This event is generated when a logon session is created. It is generated on the computer that was accessed.

The subject fields indicate the account on the local system which requested the logon. This is most commonly a service such as the Server service, or a local process such as Winlogon.exe or Services.exe.

The logon type field indicates the kind of logon that occurred. The most common types are 2 (interactive) and 3 (network).

The New Logon fields indicate the account for whom the new logon was created, i.e. the account that was logged on.

The network fields indicate where a remote logon request originated. Workstation name is not always available and may be left blank in some cases.

The impersonation level field indicates the extent to which a process in the logon session can impersonate.

The authentication information fields provide detailed information about this specific logon request.
	- Logon GUID is a unique identifier that can be used to correlate this event with a KDC event.
	- Transited services indicate which intermediate services have participated in this logon request.
	- Package name indicates which sub-protocol was used among the NTLM protocols.
	- Key length indicates the length of the generated session key. This will be 0 if no session key was requested."
"11/2/2023 1:18:00 PM","4616","The system time was changed.

Subject:
	Security ID:		S-1-5-19
	Account Name:		LOCAL SERVICE
	Account Domain:		NT AUTHORITY
	Logon ID:		0x3E5

Process Information:
	Process ID:	0xa38
	Name:		C:\Windows\System32\svchost.exe

Previous Time:		?2023?-?11?-?02T17:18:00.483189000Z
New Time:		?2023?-?11?-?02T17:18:00.487094600Z

This event is generated when the system time is changed. It is normal for the Windows Time Service, which runs with System privilege, to change the system time on a regular basis. Other system time changes may be indicative of attempts to tamper with the computer."
"11/2/2023 1:17:40 PM","5379","Credential Manager credentials were read.

Subject:
	Security ID:		S-1-5-19
	Account Name:		LOCAL SERVICE
	Account Domain:		NT AUTHORITY
	Logon ID:		0x3E5
	Read Operation:		Enumerate Credentials

This event occurs when a user performs a read operation on stored credentials in Credential Manager."
"11/2/2023 1:17:40 PM","5379","Credential Manager credentials were read.

Subject:
	Security ID:		S-1-5-19
	Account Name:		LOCAL SERVICE
	Account Domain:		NT AUTHORITY
	Logon ID:		0x3E5
	Read Operation:		Enumerate Credentials

This event occurs when a user performs a read operation on stored credentials in Credential Manager."
"11/2/2023 1:17:40 PM","5379","Credential Manager credentials were read.

Subject:
	Security ID:		S-1-5-19
	Account Name:		LOCAL SERVICE
	Account Domain:		NT AUTHORITY
	Logon ID:		0x3E5
	Read Operation:		Enumerate Credentials

This event occurs when a user performs a read operation on stored credentials in Credential Manager."
"11/2/2023 1:17:40 PM","5379","Credential Manager credentials were read.

Subject:
	Security ID:		S-1-5-19
	Account Name:		LOCAL SERVICE
	Account Domain:		NT AUTHORITY
	Logon ID:		0x3E5
	Read Operation:		Enumerate Credentials

This event occurs when a user performs a read operation on stored credentials in Credential Manager."
"11/2/2023 1:17:40 PM","5379","Credential Manager credentials were read.

Subject:
	Security ID:		S-1-5-19
	Account Name:		LOCAL SERVICE
	Account Domain:		NT AUTHORITY
	Logon ID:		0x3E5
	Read Operation:		Enumerate Credentials

This event occurs when a user performs a read operation on stored credentials in Credential Manager."
"11/2/2023 1:17:40 PM","5379","Credential Manager credentials were read.

Subject:
	Security ID:		S-1-5-19
	Account Name:		LOCAL SERVICE
	Account Domain:		NT AUTHORITY
	Logon ID:		0x3E5
	Read Operation:		Enumerate Credentials

This event occurs when a user performs a read operation on stored credentials in Credential Manager."
"11/2/2023 1:17:40 PM","5379","Credential Manager credentials were read.

Subject:
	Security ID:		S-1-5-19
	Account Name:		LOCAL SERVICE
	Account Domain:		NT AUTHORITY
	Logon ID:		0x3E5
	Read Operation:		Enumerate Credentials

This event occurs when a user performs a read operation on stored credentials in Credential Manager."
"11/2/2023 1:17:40 PM","5379","Credential Manager credentials were read.

Subject:
	Security ID:		S-1-5-19
	Account Name:		LOCAL SERVICE
	Account Domain:		NT AUTHORITY
	Logon ID:		0x3E5
	Read Operation:		Enumerate Credentials

This event occurs when a user performs a read operation on stored credentials in Credential Manager."
"11/2/2023 1:17:40 PM","5379","Credential Manager credentials were read.

Subject:
	Security ID:		S-1-5-19
	Account Name:		LOCAL SERVICE
	Account Domain:		NT AUTHORITY
	Logon ID:		0x3E5
	Read Operation:		Enumerate Credentials

This event occurs when a user performs a read operation on stored credentials in Credential Manager."
"11/2/2023 1:17:40 PM","5379","Credential Manager credentials were read.

Subject:
	Security ID:		S-1-5-19
	Account Name:		LOCAL SERVICE
	Account Domain:		NT AUTHORITY
	Logon ID:		0x3E5
	Read Operation:		Enumerate Credentials

This event occurs when a user performs a read operation on stored credentials in Credential Manager."
"11/2/2023 1:17:39 PM","4672","Special privileges assigned to new logon.

Subject:
	Security ID:		S-1-5-18
	Account Name:		SYSTEM
	Account Domain:		NT AUTHORITY
	Logon ID:		0x3E7

Privileges:		SeAssignPrimaryTokenPrivilege
			SeTcbPrivilege
			SeSecurityPrivilege
			SeTakeOwnershipPrivilege
			SeLoadDriverPrivilege
			SeBackupPrivilege
			SeRestorePrivilege
			SeDebugPrivilege
			SeAuditPrivilege
			SeSystemEnvironmentPrivilege
			SeImpersonatePrivilege
			SeDelegateSessionUserImpersonatePrivilege"
"11/2/2023 1:17:39 PM","4624","An account was successfully logged on.

Subject:
	Security ID:		S-1-5-18
	Account Name:		DESKTOP-596PFOQ$
	Account Domain:		WORKGROUP
	Logon ID:		0x3E7

Logon Information:
	Logon Type:		5
	Restricted Admin Mode:	-
	Virtual Account:		No
	Elevated Token:		Yes

Impersonation Level:		Impersonation

New Logon:
	Security ID:		S-1-5-18
	Account Name:		SYSTEM
	Account Domain:		NT AUTHORITY
	Logon ID:		0x3E7
	Linked Logon ID:		0x0
	Network Account Name:	-
	Network Account Domain:	-
	Logon GUID:		{00000000-0000-0000-0000-000000000000}

Process Information:
	Process ID:		0x278
	Process Name:		C:\Windows\System32\services.exe

Network Information:
	Workstation Name:	-
	Source Network Address:	-
	Source Port:		-

Detailed Authentication Information:
	Logon Process:		Advapi  
	Authentication Package:	Negotiate
	Transited Services:	-
	Package Name (NTLM only):	-
	Key Length:		0

This event is generated when a logon session is created. It is generated on the computer that was accessed.

The subject fields indicate the account on the local system which requested the logon. This is most commonly a service such as the Server service, or a local process such as Winlogon.exe or Services.exe.

The logon type field indicates the kind of logon that occurred. The most common types are 2 (interactive) and 3 (network).

The New Logon fields indicate the account for whom the new logon was created, i.e. the account that was logged on.

The network fields indicate where a remote logon request originated. Workstation name is not always available and may be left blank in some cases.

The impersonation level field indicates the extent to which a process in the logon session can impersonate.

The authentication information fields provide detailed information about this specific logon request.
	- Logon GUID is a unique identifier that can be used to correlate this event with a KDC event.
	- Transited services indicate which intermediate services have participated in this logon request.
	- Package name indicates which sub-protocol was used among the NTLM protocols.
	- Key length indicates the length of the generated session key. This will be 0 if no session key was requested."
"11/2/2023 1:16:27 PM","4672","Special privileges assigned to new logon.

Subject:
	Security ID:		S-1-5-18
	Account Name:		SYSTEM
	Account Domain:		NT AUTHORITY
	Logon ID:		0x3E7

Privileges:		SeAssignPrimaryTokenPrivilege
			SeTcbPrivilege
			SeSecurityPrivilege
			SeTakeOwnershipPrivilege
			SeLoadDriverPrivilege
			SeBackupPrivilege
			SeRestorePrivilege
			SeDebugPrivilege
			SeAuditPrivilege
			SeSystemEnvironmentPrivilege
			SeImpersonatePrivilege
			SeDelegateSessionUserImpersonatePrivilege"
"11/2/2023 1:16:27 PM","4624","An account was successfully logged on.

Subject:
	Security ID:		S-1-5-18
	Account Name:		DESKTOP-596PFOQ$
	Account Domain:		WORKGROUP
	Logon ID:		0x3E7

Logon Information:
	Logon Type:		5
	Restricted Admin Mode:	-
	Virtual Account:		No
	Elevated Token:		Yes

Impersonation Level:		Impersonation

New Logon:
	Security ID:		S-1-5-18
	Account Name:		SYSTEM
	Account Domain:		NT AUTHORITY
	Logon ID:		0x3E7
	Linked Logon ID:		0x0
	Network Account Name:	-
	Network Account Domain:	-
	Logon GUID:		{00000000-0000-0000-0000-000000000000}

Process Information:
	Process ID:		0x278
	Process Name:		C:\Windows\System32\services.exe

Network Information:
	Workstation Name:	-
	Source Network Address:	-
	Source Port:		-

Detailed Authentication Information:
	Logon Process:		Advapi  
	Authentication Package:	Negotiate
	Transited Services:	-
	Package Name (NTLM only):	-
	Key Length:		0

This event is generated when a logon session is created. It is generated on the computer that was accessed.

The subject fields indicate the account on the local system which requested the logon. This is most commonly a service such as the Server service, or a local process such as Winlogon.exe or Services.exe.

The logon type field indicates the kind of logon that occurred. The most common types are 2 (interactive) and 3 (network).

The New Logon fields indicate the account for whom the new logon was created, i.e. the account that was logged on.

The network fields indicate where a remote logon request originated. Workstation name is not always available and may be left blank in some cases.

The impersonation level field indicates the extent to which a process in the logon session can impersonate.

The authentication information fields provide detailed information about this specific logon request.
	- Logon GUID is a unique identifier that can be used to correlate this event with a KDC event.
	- Transited services indicate which intermediate services have participated in this logon request.
	- Package name indicates which sub-protocol was used among the NTLM protocols.
	- Key length indicates the length of the generated session key. This will be 0 if no session key was requested."
"11/2/2023 1:16:27 PM","4672","Special privileges assigned to new logon.

Subject:
	Security ID:		S-1-5-18
	Account Name:		SYSTEM
	Account Domain:		NT AUTHORITY
	Logon ID:		0x3E7

Privileges:		SeAssignPrimaryTokenPrivilege
			SeTcbPrivilege
			SeSecurityPrivilege
			SeTakeOwnershipPrivilege
			SeLoadDriverPrivilege
			SeBackupPrivilege
			SeRestorePrivilege
			SeDebugPrivilege
			SeAuditPrivilege
			SeSystemEnvironmentPrivilege
			SeImpersonatePrivilege
			SeDelegateSessionUserImpersonatePrivilege"
