"TimeCreated","Id","Message"
"11/9/2023 2:52:39 PM","4798","A user's local group membership was enumerated.

Subject:
	Security ID:		S-1-5-21-3288717987-2730081823-2935717189-1002
	Account Name:		champuser
	Account Domain:		DESKTOP-596PFOQ
	Logon ID:		0xE80F0

User:
	Security ID:		S-1-5-21-3288717987-2730081823-2935717189-504
	Account Name:		WDAGUtilityAccount
	Account Domain:		DESKTOP-596PFOQ

Process Information:
	Process ID:		0xc4c
	Process Name:		C:\Windows\System32\wbem\WmiPrvSE.exe"
"11/9/2023 2:52:39 PM","4798","A user's local group membership was enumerated.

Subject:
	Security ID:		S-1-5-21-3288717987-2730081823-2935717189-1002
	Account Name:		champuser
	Account Domain:		DESKTOP-596PFOQ
	Logon ID:		0xE80F0

User:
	Security ID:		S-1-5-21-3288717987-2730081823-2935717189-501
	Account Name:		Guest
	Account Domain:		DESKTOP-596PFOQ

Process Information:
	Process ID:		0xc4c
	Process Name:		C:\Windows\System32\wbem\WmiPrvSE.exe"
"11/9/2023 2:52:39 PM","4798","A user's local group membership was enumerated.

Subject:
	Security ID:		S-1-5-21-3288717987-2730081823-2935717189-1002
	Account Name:		champuser
	Account Domain:		DESKTOP-596PFOQ
	Logon ID:		0xE80F0

User:
	Security ID:		S-1-5-21-3288717987-2730081823-2935717189-503
	Account Name:		DefaultAccount
	Account Domain:		DESKTOP-596PFOQ

Process Information:
	Process ID:		0xc4c
	Process Name:		C:\Windows\System32\wbem\WmiPrvSE.exe"
"11/9/2023 2:52:39 PM","4798","A user's local group membership was enumerated.

Subject:
	Security ID:		S-1-5-21-3288717987-2730081823-2935717189-1002
	Account Name:		champuser
	Account Domain:		DESKTOP-596PFOQ
	Logon ID:		0xE80F0

User:
	Security ID:		S-1-5-21-3288717987-2730081823-2935717189-1002
	Account Name:		champuser
	Account Domain:		DESKTOP-596PFOQ

Process Information:
	Process ID:		0xc4c
	Process Name:		C:\Windows\System32\wbem\WmiPrvSE.exe"
"11/9/2023 2:52:39 PM","4798","A user's local group membership was enumerated.

Subject:
	Security ID:		S-1-5-21-3288717987-2730081823-2935717189-1002
	Account Name:		champuser
	Account Domain:		DESKTOP-596PFOQ
	Logon ID:		0xE80F0

User:
	Security ID:		S-1-5-21-3288717987-2730081823-2935717189-500
	Account Name:		Administrator
	Account Domain:		DESKTOP-596PFOQ

Process Information:
	Process ID:		0xc4c
	Process Name:		C:\Windows\System32\wbem\WmiPrvSE.exe"
"11/9/2023 2:25:58 PM","4798","A user's local group membership was enumerated.

Subject:
	Security ID:		S-1-5-21-3288717987-2730081823-2935717189-1002
	Account Name:		champuser
	Account Domain:		DESKTOP-596PFOQ
	Logon ID:		0xE80F0

User:
	Security ID:		S-1-5-21-3288717987-2730081823-2935717189-504
	Account Name:		WDAGUtilityAccount
	Account Domain:		DESKTOP-596PFOQ

Process Information:
	Process ID:		0xc4c
	Process Name:		C:\Windows\System32\wbem\WmiPrvSE.exe"
"11/9/2023 2:25:58 PM","4798","A user's local group membership was enumerated.

Subject:
	Security ID:		S-1-5-21-3288717987-2730081823-2935717189-1002
	Account Name:		champuser
	Account Domain:		DESKTOP-596PFOQ
	Logon ID:		0xE80F0

User:
	Security ID:		S-1-5-21-3288717987-2730081823-2935717189-501
	Account Name:		Guest
	Account Domain:		DESKTOP-596PFOQ

Process Information:
	Process ID:		0xc4c
	Process Name:		C:\Windows\System32\wbem\WmiPrvSE.exe"
"11/9/2023 2:25:58 PM","4798","A user's local group membership was enumerated.

Subject:
	Security ID:		S-1-5-21-3288717987-2730081823-2935717189-1002
	Account Name:		champuser
	Account Domain:		DESKTOP-596PFOQ
	Logon ID:		0xE80F0

User:
	Security ID:		S-1-5-21-3288717987-2730081823-2935717189-503
	Account Name:		DefaultAccount
	Account Domain:		DESKTOP-596PFOQ

Process Information:
	Process ID:		0xc4c
	Process Name:		C:\Windows\System32\wbem\WmiPrvSE.exe"
"11/9/2023 2:25:58 PM","4798","A user's local group membership was enumerated.

Subject:
	Security ID:		S-1-5-21-3288717987-2730081823-2935717189-1002
	Account Name:		champuser
	Account Domain:		DESKTOP-596PFOQ
	Logon ID:		0xE80F0

User:
	Security ID:		S-1-5-21-3288717987-2730081823-2935717189-1002
	Account Name:		champuser
	Account Domain:		DESKTOP-596PFOQ

Process Information:
	Process ID:		0xc4c
	Process Name:		C:\Windows\System32\wbem\WmiPrvSE.exe"
"11/9/2023 2:25:58 PM","4798","A user's local group membership was enumerated.

Subject:
	Security ID:		S-1-5-21-3288717987-2730081823-2935717189-1002
	Account Name:		champuser
	Account Domain:		DESKTOP-596PFOQ
	Logon ID:		0xE80F0

User:
	Security ID:		S-1-5-21-3288717987-2730081823-2935717189-500
	Account Name:		Administrator
	Account Domain:		DESKTOP-596PFOQ

Process Information:
	Process ID:		0xc4c
	Process Name:		C:\Windows\System32\wbem\WmiPrvSE.exe"
"11/9/2023 2:22:18 PM","4799","A security-enabled local group membership was enumerated.

Subject:
	Security ID:		S-1-5-18
	Account Name:		DESKTOP-596PFOQ$
	Account Domain:		WORKGROUP
	Logon ID:		0x3E7

Group:
	Security ID:		S-1-5-32-551
	Group Name:		Backup Operators
	Group Domain:		Builtin

Process Information:
	Process ID:		0xaa8
	Process Name:		C:\Windows\System32\SearchIndexer.exe"
"11/9/2023 2:22:18 PM","4799","A security-enabled local group membership was enumerated.

Subject:
	Security ID:		S-1-5-18
	Account Name:		DESKTOP-596PFOQ$
	Account Domain:		WORKGROUP
	Logon ID:		0x3E7

Group:
	Security ID:		S-1-5-32-544
	Group Name:		Administrators
	Group Domain:		Builtin

Process Information:
	Process ID:		0xaa8
	Process Name:		C:\Windows\System32\SearchIndexer.exe"
"11/9/2023 2:22:18 PM","4672","Special privileges assigned to new logon.

Subject:
	Security ID:		S-1-5-18
	Account Name:		SYSTEM
	Account Domain:		NT AUTHORITY
	Logon ID:		0x3E7

Privileges:		SeAssignPrimaryTokenPrivilege
			SeTcbPrivilege
			SeSecurityPrivilege
			SeTakeOwnershipPrivilege
			SeLoadDriverPrivilege
			SeBackupPrivilege
			SeRestorePrivilege
			SeDebugPrivilege
			SeAuditPrivilege
			SeSystemEnvironmentPrivilege
			SeImpersonatePrivilege
			SeDelegateSessionUserImpersonatePrivilege"
"11/9/2023 2:22:18 PM","4624","An account was successfully logged on.

Subject:
	Security ID:		S-1-5-18
	Account Name:		DESKTOP-596PFOQ$
	Account Domain:		WORKGROUP
	Logon ID:		0x3E7

Logon Information:
	Logon Type:		5
	Restricted Admin Mode:	-
	Virtual Account:		No
	Elevated Token:		Yes

Impersonation Level:		Impersonation

New Logon:
	Security ID:		S-1-5-18
	Account Name:		SYSTEM
	Account Domain:		NT AUTHORITY
	Logon ID:		0x3E7
	Linked Logon ID:		0x0
	Network Account Name:	-
	Network Account Domain:	-
	Logon GUID:		{00000000-0000-0000-0000-000000000000}

Process Information:
	Process ID:		0x274
	Process Name:		C:\Windows\System32\services.exe

Network Information:
	Workstation Name:	-
	Source Network Address:	-
	Source Port:		-

Detailed Authentication Information:
	Logon Process:		Advapi  
	Authentication Package:	Negotiate
	Transited Services:	-
	Package Name (NTLM only):	-
	Key Length:		0

This event is generated when a logon session is created. It is generated on the computer that was accessed.

The subject fields indicate the account on the local system which requested the logon. This is most commonly a service such as the Server service, or a local process such as Winlogon.exe or Services.exe.

The logon type field indicates the kind of logon that occurred. The most common types are 2 (interactive) and 3 (network).

The New Logon fields indicate the account for whom the new logon was created, i.e. the account that was logged on.

The network fields indicate where a remote logon request originated. Workstation name is not always available and may be left blank in some cases.

The impersonation level field indicates the extent to which a process in the logon session can impersonate.

The authentication information fields provide detailed information about this specific logon request.
	- Logon GUID is a unique identifier that can be used to correlate this event with a KDC event.
	- Transited services indicate which intermediate services have participated in this logon request.
	- Package name indicates which sub-protocol was used among the NTLM protocols.
	- Key length indicates the length of the generated session key. This will be 0 if no session key was requested."
"11/9/2023 2:19:56 PM","4798","A user's local group membership was enumerated.

Subject:
	Security ID:		S-1-5-21-3288717987-2730081823-2935717189-1002
	Account Name:		champuser
	Account Domain:		DESKTOP-596PFOQ
	Logon ID:		0xE80F0

User:
	Security ID:		S-1-5-21-3288717987-2730081823-2935717189-1002
	Account Name:		champuser
	Account Domain:		DESKTOP-596PFOQ

Process Information:
	Process ID:		0x14bc
	Process Name:		C:\Windows\System32\WindowsPowerShell\v1.0\powershell_ise.exe"
"11/9/2023 2:19:22 PM","4797","An attempt was made to query the existence of a blank password for an account.

Subject:
	Security ID:		S-1-5-21-3288717987-2730081823-2935717189-1002
	Account Name:		champuser
	Account Domain:		DESKTOP-596PFOQ
	Logon ID:		0xE8114

Additional Information:
	Caller Workstation:	DESKTOP-596PFOQ
	Target Account Name:	WDAGUtilityAccount
	Target Account Domain:	DESKTOP-596PFOQ"
"11/9/2023 2:19:22 PM","4797","An attempt was made to query the existence of a blank password for an account.

Subject:
	Security ID:		S-1-5-21-3288717987-2730081823-2935717189-1002
	Account Name:		champuser
	Account Domain:		DESKTOP-596PFOQ
	Logon ID:		0xE8114

Additional Information:
	Caller Workstation:	DESKTOP-596PFOQ
	Target Account Name:	Guest
	Target Account Domain:	DESKTOP-596PFOQ"
"11/9/2023 2:19:22 PM","4797","An attempt was made to query the existence of a blank password for an account.

Subject:
	Security ID:		S-1-5-21-3288717987-2730081823-2935717189-1002
	Account Name:		champuser
	Account Domain:		DESKTOP-596PFOQ
	Logon ID:		0xE8114

Additional Information:
	Caller Workstation:	DESKTOP-596PFOQ
	Target Account Name:	DefaultAccount
	Target Account Domain:	DESKTOP-596PFOQ"
"11/9/2023 2:19:22 PM","4797","An attempt was made to query the existence of a blank password for an account.

Subject:
	Security ID:		S-1-5-21-3288717987-2730081823-2935717189-1002
	Account Name:		champuser
	Account Domain:		DESKTOP-596PFOQ
	Logon ID:		0xE8114

Additional Information:
	Caller Workstation:	DESKTOP-596PFOQ
	Target Account Name:	Administrator
	Target Account Domain:	DESKTOP-596PFOQ"
"11/9/2023 2:02:07 PM","4616","The system time was changed.

Subject:
	Security ID:		S-1-5-19
	Account Name:		LOCAL SERVICE
	Account Domain:		NT AUTHORITY
	Logon ID:		0x3E5

Process Information:
	Process ID:	0x17d4
	Name:		C:\Windows\System32\svchost.exe

Previous Time:		?2023?-?11?-?09T19:02:07.807484900Z
New Time:		?2023?-?11?-?09T19:02:07.811199100Z

This event is generated when the system time is changed. It is normal for the Windows Time Service, which runs with System privilege, to change the system time on a regular basis. Other system time changes may be indicative of attempts to tamper with the computer."
"11/9/2023 2:01:52 PM","5379","Credential Manager credentials were read.

Subject:
	Security ID:		S-1-5-19
	Account Name:		LOCAL SERVICE
	Account Domain:		NT AUTHORITY
	Logon ID:		0x3E5
	Read Operation:		Enumerate Credentials

This event occurs when a user performs a read operation on stored credentials in Credential Manager."
"11/9/2023 2:01:52 PM","5379","Credential Manager credentials were read.

Subject:
	Security ID:		S-1-5-19
	Account Name:		LOCAL SERVICE
	Account Domain:		NT AUTHORITY
	Logon ID:		0x3E5
	Read Operation:		Enumerate Credentials

This event occurs when a user performs a read operation on stored credentials in Credential Manager."
"11/9/2023 2:01:52 PM","5379","Credential Manager credentials were read.

Subject:
	Security ID:		S-1-5-19
	Account Name:		LOCAL SERVICE
	Account Domain:		NT AUTHORITY
	Logon ID:		0x3E5
	Read Operation:		Enumerate Credentials

This event occurs when a user performs a read operation on stored credentials in Credential Manager."
"11/9/2023 2:01:52 PM","5379","Credential Manager credentials were read.

Subject:
	Security ID:		S-1-5-19
	Account Name:		LOCAL SERVICE
	Account Domain:		NT AUTHORITY
	Logon ID:		0x3E5
	Read Operation:		Enumerate Credentials

This event occurs when a user performs a read operation on stored credentials in Credential Manager."
"11/9/2023 2:01:52 PM","5379","Credential Manager credentials were read.

Subject:
	Security ID:		S-1-5-21-3288717987-2730081823-2935717189-1002
	Account Name:		champuser
	Account Domain:		DESKTOP-596PFOQ
	Logon ID:		0xE8114
	Read Operation:		Enumerate Credentials

This event occurs when a user performs a read operation on stored credentials in Credential Manager."
"11/9/2023 2:01:52 PM","5379","Credential Manager credentials were read.

Subject:
	Security ID:		S-1-5-21-3288717987-2730081823-2935717189-1002
	Account Name:		champuser
	Account Domain:		DESKTOP-596PFOQ
	Logon ID:		0xE8114
	Read Operation:		Enumerate Credentials

This event occurs when a user performs a read operation on stored credentials in Credential Manager."
"11/9/2023 2:01:52 PM","5379","Credential Manager credentials were read.

Subject:
	Security ID:		S-1-5-21-3288717987-2730081823-2935717189-1002
	Account Name:		champuser
	Account Domain:		DESKTOP-596PFOQ
	Logon ID:		0xE8114
	Read Operation:		Enumerate Credentials

This event occurs when a user performs a read operation on stored credentials in Credential Manager."
"11/9/2023 2:01:52 PM","5379","Credential Manager credentials were read.

Subject:
	Security ID:		S-1-5-19
	Account Name:		LOCAL SERVICE
	Account Domain:		NT AUTHORITY
	Logon ID:		0x3E5
	Read Operation:		Enumerate Credentials

This event occurs when a user performs a read operation on stored credentials in Credential Manager."
"11/9/2023 2:01:52 PM","5379","Credential Manager credentials were read.

Subject:
	Security ID:		S-1-5-19
	Account Name:		LOCAL SERVICE
	Account Domain:		NT AUTHORITY
	Logon ID:		0x3E5
	Read Operation:		Enumerate Credentials

This event occurs when a user performs a read operation on stored credentials in Credential Manager."
"11/9/2023 2:01:52 PM","5379","Credential Manager credentials were read.

Subject:
	Security ID:		S-1-5-19
	Account Name:		LOCAL SERVICE
	Account Domain:		NT AUTHORITY
	Logon ID:		0x3E5
	Read Operation:		Enumerate Credentials

This event occurs when a user performs a read operation on stored credentials in Credential Manager."
"11/9/2023 2:01:52 PM","5379","Credential Manager credentials were read.

Subject:
	Security ID:		S-1-5-19
	Account Name:		LOCAL SERVICE
	Account Domain:		NT AUTHORITY
	Logon ID:		0x3E5
	Read Operation:		Enumerate Credentials

This event occurs when a user performs a read operation on stored credentials in Credential Manager."
"11/9/2023 2:01:52 PM","5379","Credential Manager credentials were read.

Subject:
	Security ID:		S-1-5-19
	Account Name:		LOCAL SERVICE
	Account Domain:		NT AUTHORITY
	Logon ID:		0x3E5
	Read Operation:		Enumerate Credentials

This event occurs when a user performs a read operation on stored credentials in Credential Manager."
"11/9/2023 2:01:52 PM","5379","Credential Manager credentials were read.

Subject:
	Security ID:		S-1-5-19
	Account Name:		LOCAL SERVICE
	Account Domain:		NT AUTHORITY
	Logon ID:		0x3E5
	Read Operation:		Enumerate Credentials

This event occurs when a user performs a read operation on stored credentials in Credential Manager."
"11/9/2023 2:01:52 PM","5379","Credential Manager credentials were read.

Subject:
	Security ID:		S-1-5-18
	Account Name:		DESKTOP-596PFOQ$
	Account Domain:		WORKGROUP
	Logon ID:		0x3E7
	Read Operation:		Enumerate Credentials

This event occurs when a user performs a read operation on stored credentials in Credential Manager."
"11/9/2023 2:01:52 PM","5379","Credential Manager credentials were read.

Subject:
	Security ID:		S-1-5-18
	Account Name:		DESKTOP-596PFOQ$
	Account Domain:		WORKGROUP
	Logon ID:		0x3E7
	Read Operation:		Enumerate Credentials

This event occurs when a user performs a read operation on stored credentials in Credential Manager."
"11/9/2023 2:01:52 PM","5379","Credential Manager credentials were read.

Subject:
	Security ID:		S-1-5-18
	Account Name:		DESKTOP-596PFOQ$
	Account Domain:		WORKGROUP
	Logon ID:		0x3E7
	Read Operation:		Enumerate Credentials

This event occurs when a user performs a read operation on stored credentials in Credential Manager."
"11/9/2023 2:01:51 PM","4672","Special privileges assigned to new logon.

Subject:
	Security ID:		S-1-5-18
	Account Name:		SYSTEM
	Account Domain:		NT AUTHORITY
	Logon ID:		0x3E7

Privileges:		SeAssignPrimaryTokenPrivilege
			SeTcbPrivilege
			SeSecurityPrivilege
			SeTakeOwnershipPrivilege
			SeLoadDriverPrivilege
			SeBackupPrivilege
			SeRestorePrivilege
			SeDebugPrivilege
			SeAuditPrivilege
			SeSystemEnvironmentPrivilege
			SeImpersonatePrivilege
			SeDelegateSessionUserImpersonatePrivilege"
"11/9/2023 2:01:51 PM","4624","An account was successfully logged on.

Subject:
	Security ID:		S-1-5-18
	Account Name:		DESKTOP-596PFOQ$
	Account Domain:		WORKGROUP
	Logon ID:		0x3E7

Logon Information:
	Logon Type:		5
	Restricted Admin Mode:	-
	Virtual Account:		No
	Elevated Token:		Yes

Impersonation Level:		Impersonation

New Logon:
	Security ID:		S-1-5-18
	Account Name:		SYSTEM
	Account Domain:		NT AUTHORITY
	Logon ID:		0x3E7
	Linked Logon ID:		0x0
	Network Account Name:	-
	Network Account Domain:	-
	Logon GUID:		{00000000-0000-0000-0000-000000000000}

Process Information:
	Process ID:		0x274
	Process Name:		C:\Windows\System32\services.exe

Network Information:
	Workstation Name:	-
	Source Network Address:	-
	Source Port:		-

Detailed Authentication Information:
	Logon Process:		Advapi  
	Authentication Package:	Negotiate
	Transited Services:	-
	Package Name (NTLM only):	-
	Key Length:		0

This event is generated when a logon session is created. It is generated on the computer that was accessed.

The subject fields indicate the account on the local system which requested the logon. This is most commonly a service such as the Server service, or a local process such as Winlogon.exe or Services.exe.

The logon type field indicates the kind of logon that occurred. The most common types are 2 (interactive) and 3 (network).

The New Logon fields indicate the account for whom the new logon was created, i.e. the account that was logged on.

The network fields indicate where a remote logon request originated. Workstation name is not always available and may be left blank in some cases.

The impersonation level field indicates the extent to which a process in the logon session can impersonate.

The authentication information fields provide detailed information about this specific logon request.
	- Logon GUID is a unique identifier that can be used to correlate this event with a KDC event.
	- Transited services indicate which intermediate services have participated in this logon request.
	- Package name indicates which sub-protocol was used among the NTLM protocols.
	- Key length indicates the length of the generated session key. This will be 0 if no session key was requested."
"11/9/2023 2:01:50 PM","4672","Special privileges assigned to new logon.

Subject:
	Security ID:		S-1-5-18
	Account Name:		SYSTEM
	Account Domain:		NT AUTHORITY
	Logon ID:		0x3E7

Privileges:		SeAssignPrimaryTokenPrivilege
			SeTcbPrivilege
			SeSecurityPrivilege
			SeTakeOwnershipPrivilege
			SeLoadDriverPrivilege
			SeBackupPrivilege
			SeRestorePrivilege
			SeDebugPrivilege
			SeAuditPrivilege
			SeSystemEnvironmentPrivilege
			SeImpersonatePrivilege
			SeDelegateSessionUserImpersonatePrivilege"
"11/9/2023 2:01:50 PM","4624","An account was successfully logged on.

Subject:
	Security ID:		S-1-5-18
	Account Name:		DESKTOP-596PFOQ$
	Account Domain:		WORKGROUP
	Logon ID:		0x3E7

Logon Information:
	Logon Type:		5
	Restricted Admin Mode:	-
	Virtual Account:		No
	Elevated Token:		Yes

Impersonation Level:		Impersonation

New Logon:
	Security ID:		S-1-5-18
	Account Name:		SYSTEM
	Account Domain:		NT AUTHORITY
	Logon ID:		0x3E7
	Linked Logon ID:		0x0
	Network Account Name:	-
	Network Account Domain:	-
	Logon GUID:		{00000000-0000-0000-0000-000000000000}

Process Information:
	Process ID:		0x274
	Process Name:		C:\Windows\System32\services.exe

Network Information:
	Workstation Name:	-
	Source Network Address:	-
	Source Port:		-

Detailed Authentication Information:
	Logon Process:		Advapi  
	Authentication Package:	Negotiate
	Transited Services:	-
	Package Name (NTLM only):	-
	Key Length:		0

This event is generated when a logon session is created. It is generated on the computer that was accessed.

The subject fields indicate the account on the local system which requested the logon. This is most commonly a service such as the Server service, or a local process such as Winlogon.exe or Services.exe.

The logon type field indicates the kind of logon that occurred. The most common types are 2 (interactive) and 3 (network).

The New Logon fields indicate the account for whom the new logon was created, i.e. the account that was logged on.

The network fields indicate where a remote logon request originated. Workstation name is not always available and may be left blank in some cases.

The impersonation level field indicates the extent to which a process in the logon session can impersonate.

The authentication information fields provide detailed information about this specific logon request.
	- Logon GUID is a unique identifier that can be used to correlate this event with a KDC event.
	- Transited services indicate which intermediate services have participated in this logon request.
	- Package name indicates which sub-protocol was used among the NTLM protocols.
	- Key length indicates the length of the generated session key. This will be 0 if no session key was requested."
"11/9/2023 2:01:50 PM","4672","Special privileges assigned to new logon.

Subject:
	Security ID:		S-1-5-18
	Account Name:		SYSTEM
	Account Domain:		NT AUTHORITY
	Logon ID:		0x3E7

Privileges:		SeAssignPrimaryTokenPrivilege
			SeTcbPrivilege
			SeSecurityPrivilege
			SeTakeOwnershipPrivilege
			SeLoadDriverPrivilege
			SeBackupPrivilege
			SeRestorePrivilege
			SeDebugPrivilege
			SeAuditPrivilege
			SeSystemEnvironmentPrivilege
			SeImpersonatePrivilege
			SeDelegateSessionUserImpersonatePrivilege"
"11/9/2023 2:01:50 PM","4624","An account was successfully logged on.

Subject:
	Security ID:		S-1-5-18
	Account Name:		DESKTOP-596PFOQ$
	Account Domain:		WORKGROUP
	Logon ID:		0x3E7

Logon Information:
	Logon Type:		5
	Restricted Admin Mode:	-
	Virtual Account:		No
	Elevated Token:		Yes

Impersonation Level:		Impersonation

New Logon:
	Security ID:		S-1-5-18
	Account Name:		SYSTEM
	Account Domain:		NT AUTHORITY
	Logon ID:		0x3E7
	Linked Logon ID:		0x0
	Network Account Name:	-
	Network Account Domain:	-
	Logon GUID:		{00000000-0000-0000-0000-000000000000}

Process Information:
	Process ID:		0x274
	Process Name:		C:\Windows\System32\services.exe

Network Information:
	Workstation Name:	-
	Source Network Address:	-
	Source Port:		-

Detailed Authentication Information:
	Logon Process:		Advapi  
	Authentication Package:	Negotiate
	Transited Services:	-
	Package Name (NTLM only):	-
	Key Length:		0

This event is generated when a logon session is created. It is generated on the computer that was accessed.

The subject fields indicate the account on the local system which requested the logon. This is most commonly a service such as the Server service, or a local process such as Winlogon.exe or Services.exe.

The logon type field indicates the kind of logon that occurred. The most common types are 2 (interactive) and 3 (network).

The New Logon fields indicate the account for whom the new logon was created, i.e. the account that was logged on.

The network fields indicate where a remote logon request originated. Workstation name is not always available and may be left blank in some cases.

The impersonation level field indicates the extent to which a process in the logon session can impersonate.

The authentication information fields provide detailed information about this specific logon request.
	- Logon GUID is a unique identifier that can be used to correlate this event with a KDC event.
	- Transited services indicate which intermediate services have participated in this logon request.
	- Package name indicates which sub-protocol was used among the NTLM protocols.
	- Key length indicates the length of the generated session key. This will be 0 if no session key was requested."
"11/9/2023 2:01:50 PM","4672","Special privileges assigned to new logon.

Subject:
	Security ID:		S-1-5-18
	Account Name:		SYSTEM
	Account Domain:		NT AUTHORITY
	Logon ID:		0x3E7

Privileges:		SeAssignPrimaryTokenPrivilege
			SeTcbPrivilege
			SeSecurityPrivilege
			SeTakeOwnershipPrivilege
			SeLoadDriverPrivilege
			SeBackupPrivilege
			SeRestorePrivilege
			SeDebugPrivilege
			SeAuditPrivilege
			SeSystemEnvironmentPrivilege
			SeImpersonatePrivilege
			SeDelegateSessionUserImpersonatePrivilege"
"11/9/2023 2:01:50 PM","4624","An account was successfully logged on.

Subject:
	Security ID:		S-1-5-18
	Account Name:		DESKTOP-596PFOQ$
	Account Domain:		WORKGROUP
	Logon ID:		0x3E7

Logon Information:
	Logon Type:		5
	Restricted Admin Mode:	-
	Virtual Account:		No
	Elevated Token:		Yes

Impersonation Level:		Impersonation

New Logon:
	Security ID:		S-1-5-18
	Account Name:		SYSTEM
	Account Domain:		NT AUTHORITY
	Logon ID:		0x3E7
	Linked Logon ID:		0x0
	Network Account Name:	-
	Network Account Domain:	-
	Logon GUID:		{00000000-0000-0000-0000-000000000000}

Process Information:
	Process ID:		0x274
	Process Name:		C:\Windows\System32\services.exe

Network Information:
	Workstation Name:	-
	Source Network Address:	-
	Source Port:		-

Detailed Authentication Information:
	Logon Process:		Advapi  
	Authentication Package:	Negotiate
	Transited Services:	-
	Package Name (NTLM only):	-
	Key Length:		0

This event is generated when a logon session is created. It is generated on the computer that was accessed.

The subject fields indicate the account on the local system which requested the logon. This is most commonly a service such as the Server service, or a local process such as Winlogon.exe or Services.exe.

The logon type field indicates the kind of logon that occurred. The most common types are 2 (interactive) and 3 (network).

The New Logon fields indicate the account for whom the new logon was created, i.e. the account that was logged on.

The network fields indicate where a remote logon request originated. Workstation name is not always available and may be left blank in some cases.

The impersonation level field indicates the extent to which a process in the logon session can impersonate.

The authentication information fields provide detailed information about this specific logon request.
	- Logon GUID is a unique identifier that can be used to correlate this event with a KDC event.
	- Transited services indicate which intermediate services have participated in this logon request.
	- Package name indicates which sub-protocol was used among the NTLM protocols.
	- Key length indicates the length of the generated session key. This will be 0 if no session key was requested."
"11/9/2023 2:01:49 PM","4672","Special privileges assigned to new logon.

Subject:
	Security ID:		S-1-5-18
	Account Name:		SYSTEM
	Account Domain:		NT AUTHORITY
	Logon ID:		0x3E7

Privileges:		SeAssignPrimaryTokenPrivilege
			SeTcbPrivilege
			SeSecurityPrivilege
			SeTakeOwnershipPrivilege
			SeLoadDriverPrivilege
			SeBackupPrivilege
			SeRestorePrivilege
			SeDebugPrivilege
			SeAuditPrivilege
			SeSystemEnvironmentPrivilege
			SeImpersonatePrivilege
			SeDelegateSessionUserImpersonatePrivilege"
"11/9/2023 2:01:49 PM","4624","An account was successfully logged on.

Subject:
	Security ID:		S-1-5-18
	Account Name:		DESKTOP-596PFOQ$
	Account Domain:		WORKGROUP
	Logon ID:		0x3E7

Logon Information:
	Logon Type:		5
	Restricted Admin Mode:	-
	Virtual Account:		No
	Elevated Token:		Yes

Impersonation Level:		Impersonation

New Logon:
	Security ID:		S-1-5-18
	Account Name:		SYSTEM
	Account Domain:		NT AUTHORITY
	Logon ID:		0x3E7
	Linked Logon ID:		0x0
	Network Account Name:	-
	Network Account Domain:	-
	Logon GUID:		{00000000-0000-0000-0000-000000000000}

Process Information:
	Process ID:		0x274
	Process Name:		C:\Windows\System32\services.exe

Network Information:
	Workstation Name:	-
	Source Network Address:	-
	Source Port:		-

Detailed Authentication Information:
	Logon Process:		Advapi  
	Authentication Package:	Negotiate
	Transited Services:	-
	Package Name (NTLM only):	-
	Key Length:		0

This event is generated when a logon session is created. It is generated on the computer that was accessed.

The subject fields indicate the account on the local system which requested the logon. This is most commonly a service such as the Server service, or a local process such as Winlogon.exe or Services.exe.

The logon type field indicates the kind of logon that occurred. The most common types are 2 (interactive) and 3 (network).

The New Logon fields indicate the account for whom the new logon was created, i.e. the account that was logged on.

The network fields indicate where a remote logon request originated. Workstation name is not always available and may be left blank in some cases.

The impersonation level field indicates the extent to which a process in the logon session can impersonate.

The authentication information fields provide detailed information about this specific logon request.
	- Logon GUID is a unique identifier that can be used to correlate this event with a KDC event.
	- Transited services indicate which intermediate services have participated in this logon request.
	- Package name indicates which sub-protocol was used among the NTLM protocols.
	- Key length indicates the length of the generated session key. This will be 0 if no session key was requested."
"11/9/2023 1:51:23 PM","4798","A user's local group membership was enumerated.

Subject:
	Security ID:		S-1-5-21-3288717987-2730081823-2935717189-1002
	Account Name:		champuser
	Account Domain:		DESKTOP-596PFOQ
	Logon ID:		0xE8114

User:
	Security ID:		S-1-5-21-3288717987-2730081823-2935717189-1002
	Account Name:		champuser
	Account Domain:		DESKTOP-596PFOQ

Process Information:
	Process ID:		0x4ac
	Process Name:		C:\Windows\explorer.exe"
"11/9/2023 1:51:10 PM","4798","A user's local group membership was enumerated.

Subject:
	Security ID:		S-1-5-21-3288717987-2730081823-2935717189-1002
	Account Name:		champuser
	Account Domain:		DESKTOP-596PFOQ
	Logon ID:		0xE8114

User:
	Security ID:		S-1-5-21-3288717987-2730081823-2935717189-1002
	Account Name:		champuser
	Account Domain:		DESKTOP-596PFOQ

Process Information:
	Process ID:		0x4ac
	Process Name:		C:\Windows\explorer.exe"
"11/9/2023 1:50:48 PM","4798","A user's local group membership was enumerated.

Subject:
	Security ID:		S-1-5-21-3288717987-2730081823-2935717189-1002
	Account Name:		champuser
	Account Domain:		DESKTOP-596PFOQ
	Logon ID:		0xE8114

User:
	Security ID:		S-1-5-21-3288717987-2730081823-2935717189-1002
	Account Name:		champuser
	Account Domain:		DESKTOP-596PFOQ

Process Information:
	Process ID:		0x4ac
	Process Name:		C:\Windows\explorer.exe"
"11/9/2023 1:39:01 PM","4672","Special privileges assigned to new logon.

Subject:
	Security ID:		S-1-5-18
	Account Name:		SYSTEM
	Account Domain:		NT AUTHORITY
	Logon ID:		0x3E7

Privileges:		SeAssignPrimaryTokenPrivilege
			SeTcbPrivilege
			SeSecurityPrivilege
			SeTakeOwnershipPrivilege
			SeLoadDriverPrivilege
			SeBackupPrivilege
			SeRestorePrivilege
			SeDebugPrivilege
			SeAuditPrivilege
			SeSystemEnvironmentPrivilege
			SeImpersonatePrivilege
			SeDelegateSessionUserImpersonatePrivilege"
"11/9/2023 1:39:01 PM","4624","An account was successfully logged on.

Subject:
	Security ID:		S-1-5-18
	Account Name:		DESKTOP-596PFOQ$
	Account Domain:		WORKGROUP
	Logon ID:		0x3E7

Logon Information:
	Logon Type:		5
	Restricted Admin Mode:	-
	Virtual Account:		No
	Elevated Token:		Yes

Impersonation Level:		Impersonation

New Logon:
	Security ID:		S-1-5-18
	Account Name:		SYSTEM
	Account Domain:		NT AUTHORITY
	Logon ID:		0x3E7
	Linked Logon ID:		0x0
	Network Account Name:	-
	Network Account Domain:	-
	Logon GUID:		{00000000-0000-0000-0000-000000000000}

Process Information:
	Process ID:		0x274
	Process Name:		C:\Windows\System32\services.exe

Network Information:
	Workstation Name:	-
	Source Network Address:	-
	Source Port:		-

Detailed Authentication Information:
	Logon Process:		Advapi  
	Authentication Package:	Negotiate
	Transited Services:	-
	Package Name (NTLM only):	-
	Key Length:		0

This event is generated when a logon session is created. It is generated on the computer that was accessed.

The subject fields indicate the account on the local system which requested the logon. This is most commonly a service such as the Server service, or a local process such as Winlogon.exe or Services.exe.

The logon type field indicates the kind of logon that occurred. The most common types are 2 (interactive) and 3 (network).

The New Logon fields indicate the account for whom the new logon was created, i.e. the account that was logged on.

The network fields indicate where a remote logon request originated. Workstation name is not always available and may be left blank in some cases.

The impersonation level field indicates the extent to which a process in the logon session can impersonate.

The authentication information fields provide detailed information about this specific logon request.
	- Logon GUID is a unique identifier that can be used to correlate this event with a KDC event.
	- Transited services indicate which intermediate services have participated in this logon request.
	- Package name indicates which sub-protocol was used among the NTLM protocols.
	- Key length indicates the length of the generated session key. This will be 0 if no session key was requested."
"11/9/2023 1:38:14 PM","4798","A user's local group membership was enumerated.

Subject:
	Security ID:		S-1-5-21-3288717987-2730081823-2935717189-1002
	Account Name:		champuser
	Account Domain:		DESKTOP-596PFOQ
	Logon ID:		0xE80F0

User:
	Security ID:		S-1-5-21-3288717987-2730081823-2935717189-504
	Account Name:		WDAGUtilityAccount
	Account Domain:		DESKTOP-596PFOQ

Process Information:
	Process ID:		0xc4c
	Process Name:		C:\Windows\System32\wbem\WmiPrvSE.exe"
"11/9/2023 1:38:14 PM","4798","A user's local group membership was enumerated.

Subject:
	Security ID:		S-1-5-21-3288717987-2730081823-2935717189-1002
	Account Name:		champuser
	Account Domain:		DESKTOP-596PFOQ
	Logon ID:		0xE80F0

User:
	Security ID:		S-1-5-21-3288717987-2730081823-2935717189-501
	Account Name:		Guest
	Account Domain:		DESKTOP-596PFOQ

Process Information:
	Process ID:		0xc4c
	Process Name:		C:\Windows\System32\wbem\WmiPrvSE.exe"
"11/9/2023 1:38:14 PM","4798","A user's local group membership was enumerated.

Subject:
	Security ID:		S-1-5-21-3288717987-2730081823-2935717189-1002
	Account Name:		champuser
	Account Domain:		DESKTOP-596PFOQ
	Logon ID:		0xE80F0

User:
	Security ID:		S-1-5-21-3288717987-2730081823-2935717189-503
	Account Name:		DefaultAccount
	Account Domain:		DESKTOP-596PFOQ

Process Information:
	Process ID:		0xc4c
	Process Name:		C:\Windows\System32\wbem\WmiPrvSE.exe"
"11/9/2023 1:38:14 PM","4798","A user's local group membership was enumerated.

Subject:
	Security ID:		S-1-5-21-3288717987-2730081823-2935717189-1002
	Account Name:		champuser
	Account Domain:		DESKTOP-596PFOQ
	Logon ID:		0xE80F0

User:
	Security ID:		S-1-5-21-3288717987-2730081823-2935717189-1002
	Account Name:		champuser
	Account Domain:		DESKTOP-596PFOQ

Process Information:
	Process ID:		0xc4c
	Process Name:		C:\Windows\System32\wbem\WmiPrvSE.exe"
"11/9/2023 1:38:14 PM","4798","A user's local group membership was enumerated.

Subject:
	Security ID:		S-1-5-21-3288717987-2730081823-2935717189-1002
	Account Name:		champuser
	Account Domain:		DESKTOP-596PFOQ
	Logon ID:		0xE80F0

User:
	Security ID:		S-1-5-21-3288717987-2730081823-2935717189-500
	Account Name:		Administrator
	Account Domain:		DESKTOP-596PFOQ

Process Information:
	Process ID:		0xc4c
	Process Name:		C:\Windows\System32\wbem\WmiPrvSE.exe"
"11/9/2023 1:33:53 PM","4798","A user's local group membership was enumerated.

Subject:
	Security ID:		S-1-5-21-3288717987-2730081823-2935717189-1002
	Account Name:		champuser
	Account Domain:		DESKTOP-596PFOQ
	Logon ID:		0xE80F0

User:
	Security ID:		S-1-5-21-3288717987-2730081823-2935717189-504
	Account Name:		WDAGUtilityAccount
	Account Domain:		DESKTOP-596PFOQ

Process Information:
	Process ID:		0xc4c
	Process Name:		C:\Windows\System32\wbem\WmiPrvSE.exe"
"11/9/2023 1:33:53 PM","4798","A user's local group membership was enumerated.

Subject:
	Security ID:		S-1-5-21-3288717987-2730081823-2935717189-1002
	Account Name:		champuser
	Account Domain:		DESKTOP-596PFOQ
	Logon ID:		0xE80F0

User:
	Security ID:		S-1-5-21-3288717987-2730081823-2935717189-501
	Account Name:		Guest
	Account Domain:		DESKTOP-596PFOQ

Process Information:
	Process ID:		0xc4c
	Process Name:		C:\Windows\System32\wbem\WmiPrvSE.exe"
"11/9/2023 1:33:53 PM","4798","A user's local group membership was enumerated.

Subject:
	Security ID:		S-1-5-21-3288717987-2730081823-2935717189-1002
	Account Name:		champuser
	Account Domain:		DESKTOP-596PFOQ
	Logon ID:		0xE80F0

User:
	Security ID:		S-1-5-21-3288717987-2730081823-2935717189-503
	Account Name:		DefaultAccount
	Account Domain:		DESKTOP-596PFOQ

Process Information:
	Process ID:		0xc4c
	Process Name:		C:\Windows\System32\wbem\WmiPrvSE.exe"
"11/9/2023 1:33:53 PM","4798","A user's local group membership was enumerated.

Subject:
	Security ID:		S-1-5-21-3288717987-2730081823-2935717189-1002
	Account Name:		champuser
	Account Domain:		DESKTOP-596PFOQ
	Logon ID:		0xE80F0

User:
	Security ID:		S-1-5-21-3288717987-2730081823-2935717189-1002
	Account Name:		champuser
	Account Domain:		DESKTOP-596PFOQ

Process Information:
	Process ID:		0xc4c
	Process Name:		C:\Windows\System32\wbem\WmiPrvSE.exe"
"11/9/2023 1:33:53 PM","4798","A user's local group membership was enumerated.

Subject:
	Security ID:		S-1-5-21-3288717987-2730081823-2935717189-1002
	Account Name:		champuser
	Account Domain:		DESKTOP-596PFOQ
	Logon ID:		0xE80F0

User:
	Security ID:		S-1-5-21-3288717987-2730081823-2935717189-500
	Account Name:		Administrator
	Account Domain:		DESKTOP-596PFOQ

Process Information:
	Process ID:		0xc4c
	Process Name:		C:\Windows\System32\wbem\WmiPrvSE.exe"
"11/9/2023 1:32:11 PM","4672","Special privileges assigned to new logon.

Subject:
	Security ID:		S-1-5-18
	Account Name:		SYSTEM
	Account Domain:		NT AUTHORITY
	Logon ID:		0x3E7

Privileges:		SeAssignPrimaryTokenPrivilege
			SeTcbPrivilege
			SeSecurityPrivilege
			SeTakeOwnershipPrivilege
			SeLoadDriverPrivilege
			SeBackupPrivilege
			SeRestorePrivilege
			SeDebugPrivilege
			SeAuditPrivilege
			SeSystemEnvironmentPrivilege
			SeImpersonatePrivilege
			SeDelegateSessionUserImpersonatePrivilege"
"11/9/2023 1:32:11 PM","4624","An account was successfully logged on.

Subject:
	Security ID:		S-1-5-18
	Account Name:		DESKTOP-596PFOQ$
	Account Domain:		WORKGROUP
	Logon ID:		0x3E7

Logon Information:
	Logon Type:		5
	Restricted Admin Mode:	-
	Virtual Account:		No
	Elevated Token:		Yes

Impersonation Level:		Impersonation

New Logon:
	Security ID:		S-1-5-18
	Account Name:		SYSTEM
	Account Domain:		NT AUTHORITY
	Logon ID:		0x3E7
	Linked Logon ID:		0x0
	Network Account Name:	-
	Network Account Domain:	-
	Logon GUID:		{00000000-0000-0000-0000-000000000000}

Process Information:
	Process ID:		0x274
	Process Name:		C:\Windows\System32\services.exe

Network Information:
	Workstation Name:	-
	Source Network Address:	-
	Source Port:		-

Detailed Authentication Information:
	Logon Process:		Advapi  
	Authentication Package:	Negotiate
	Transited Services:	-
	Package Name (NTLM only):	-
	Key Length:		0

This event is generated when a logon session is created. It is generated on the computer that was accessed.

The subject fields indicate the account on the local system which requested the logon. This is most commonly a service such as the Server service, or a local process such as Winlogon.exe or Services.exe.

The logon type field indicates the kind of logon that occurred. The most common types are 2 (interactive) and 3 (network).

The New Logon fields indicate the account for whom the new logon was created, i.e. the account that was logged on.

The network fields indicate where a remote logon request originated. Workstation name is not always available and may be left blank in some cases.

The impersonation level field indicates the extent to which a process in the logon session can impersonate.

The authentication information fields provide detailed information about this specific logon request.
	- Logon GUID is a unique identifier that can be used to correlate this event with a KDC event.
	- Transited services indicate which intermediate services have participated in this logon request.
	- Package name indicates which sub-protocol was used among the NTLM protocols.
	- Key length indicates the length of the generated session key. This will be 0 if no session key was requested."
"11/9/2023 1:32:06 PM","4672","Special privileges assigned to new logon.

Subject:
	Security ID:		S-1-5-18
	Account Name:		SYSTEM
	Account Domain:		NT AUTHORITY
	Logon ID:		0x3E7

Privileges:		SeAssignPrimaryTokenPrivilege
			SeTcbPrivilege
			SeSecurityPrivilege
			SeTakeOwnershipPrivilege
			SeLoadDriverPrivilege
			SeBackupPrivilege
			SeRestorePrivilege
			SeDebugPrivilege
			SeAuditPrivilege
			SeSystemEnvironmentPrivilege
			SeImpersonatePrivilege
			SeDelegateSessionUserImpersonatePrivilege"
"11/9/2023 1:32:06 PM","4624","An account was successfully logged on.

Subject:
	Security ID:		S-1-5-18
	Account Name:		DESKTOP-596PFOQ$
	Account Domain:		WORKGROUP
	Logon ID:		0x3E7

Logon Information:
	Logon Type:		5
	Restricted Admin Mode:	-
	Virtual Account:		No
	Elevated Token:		Yes

Impersonation Level:		Impersonation

New Logon:
	Security ID:		S-1-5-18
	Account Name:		SYSTEM
	Account Domain:		NT AUTHORITY
	Logon ID:		0x3E7
	Linked Logon ID:		0x0
	Network Account Name:	-
	Network Account Domain:	-
	Logon GUID:		{00000000-0000-0000-0000-000000000000}

Process Information:
	Process ID:		0x274
	Process Name:		C:\Windows\System32\services.exe

Network Information:
	Workstation Name:	-
	Source Network Address:	-
	Source Port:		-

Detailed Authentication Information:
	Logon Process:		Advapi  
	Authentication Package:	Negotiate
	Transited Services:	-
	Package Name (NTLM only):	-
	Key Length:		0

This event is generated when a logon session is created. It is generated on the computer that was accessed.

The subject fields indicate the account on the local system which requested the logon. This is most commonly a service such as the Server service, or a local process such as Winlogon.exe or Services.exe.

The logon type field indicates the kind of logon that occurred. The most common types are 2 (interactive) and 3 (network).

The New Logon fields indicate the account for whom the new logon was created, i.e. the account that was logged on.

The network fields indicate where a remote logon request originated. Workstation name is not always available and may be left blank in some cases.

The impersonation level field indicates the extent to which a process in the logon session can impersonate.

The authentication information fields provide detailed information about this specific logon request.
	- Logon GUID is a unique identifier that can be used to correlate this event with a KDC event.
	- Transited services indicate which intermediate services have participated in this logon request.
	- Package name indicates which sub-protocol was used among the NTLM protocols.
	- Key length indicates the length of the generated session key. This will be 0 if no session key was requested."
"11/9/2023 1:31:49 PM","5379","Credential Manager credentials were read.

Subject:
	Security ID:		S-1-5-21-3288717987-2730081823-2935717189-1002
	Account Name:		champuser
	Account Domain:		DESKTOP-596PFOQ
	Logon ID:		0xE8114
	Read Operation:		Enumerate Credentials

This event occurs when a user performs a read operation on stored credentials in Credential Manager."
"11/9/2023 1:31:49 PM","5379","Credential Manager credentials were read.

Subject:
	Security ID:		S-1-5-21-3288717987-2730081823-2935717189-1002
	Account Name:		champuser
	Account Domain:		DESKTOP-596PFOQ
	Logon ID:		0xE8114
	Read Operation:		Enumerate Credentials

This event occurs when a user performs a read operation on stored credentials in Credential Manager."
"11/9/2023 1:31:49 PM","5379","Credential Manager credentials were read.

Subject:
	Security ID:		S-1-5-21-3288717987-2730081823-2935717189-1002
	Account Name:		champuser
	Account Domain:		DESKTOP-596PFOQ
	Logon ID:		0xE8114
	Read Operation:		Enumerate Credentials

This event occurs when a user performs a read operation on stored credentials in Credential Manager."
"11/9/2023 1:31:49 PM","5379","Credential Manager credentials were read.

Subject:
	Security ID:		S-1-5-21-3288717987-2730081823-2935717189-1002
	Account Name:		champuser
	Account Domain:		DESKTOP-596PFOQ
	Logon ID:		0xE8114
	Read Operation:		Enumerate Credentials

This event occurs when a user performs a read operation on stored credentials in Credential Manager."
"11/9/2023 1:31:49 PM","5379","Credential Manager credentials were read.

Subject:
	Security ID:		S-1-5-21-3288717987-2730081823-2935717189-1002
	Account Name:		champuser
	Account Domain:		DESKTOP-596PFOQ
	Logon ID:		0xE8114
	Read Operation:		Enumerate Credentials

This event occurs when a user performs a read operation on stored credentials in Credential Manager."
"11/9/2023 1:31:49 PM","5379","Credential Manager credentials were read.

Subject:
	Security ID:		S-1-5-21-3288717987-2730081823-2935717189-1002
	Account Name:		champuser
	Account Domain:		DESKTOP-596PFOQ
	Logon ID:		0xE8114
	Read Operation:		Enumerate Credentials

This event occurs when a user performs a read operation on stored credentials in Credential Manager."
"11/9/2023 1:31:49 PM","5379","Credential Manager credentials were read.

Subject:
	Security ID:		S-1-5-21-3288717987-2730081823-2935717189-1002
	Account Name:		champuser
	Account Domain:		DESKTOP-596PFOQ
	Logon ID:		0xE8114
	Read Operation:		Enumerate Credentials

This event occurs when a user performs a read operation on stored credentials in Credential Manager."
"11/9/2023 1:31:49 PM","5379","Credential Manager credentials were read.

Subject:
	Security ID:		S-1-5-21-3288717987-2730081823-2935717189-1002
	Account Name:		champuser
	Account Domain:		DESKTOP-596PFOQ
	Logon ID:		0xE8114
	Read Operation:		Enumerate Credentials

This event occurs when a user performs a read operation on stored credentials in Credential Manager."
"11/9/2023 1:31:49 PM","5379","Credential Manager credentials were read.

Subject:
	Security ID:		S-1-5-21-3288717987-2730081823-2935717189-1002
	Account Name:		champuser
	Account Domain:		DESKTOP-596PFOQ
	Logon ID:		0xE8114
	Read Operation:		Enumerate Credentials

This event occurs when a user performs a read operation on stored credentials in Credential Manager."
"11/9/2023 1:31:49 PM","5379","Credential Manager credentials were read.

Subject:
	Security ID:		S-1-5-21-3288717987-2730081823-2935717189-1002
	Account Name:		champuser
	Account Domain:		DESKTOP-596PFOQ
	Logon ID:		0xE8114
	Read Operation:		Enumerate Credentials

This event occurs when a user performs a read operation on stored credentials in Credential Manager."
"11/9/2023 1:31:49 PM","5379","Credential Manager credentials were read.

Subject:
	Security ID:		S-1-5-18
	Account Name:		DESKTOP-596PFOQ$
	Account Domain:		WORKGROUP
	Logon ID:		0x3E7
	Read Operation:		Enumerate Credentials

This event occurs when a user performs a read operation on stored credentials in Credential Manager."
"11/9/2023 1:31:49 PM","5379","Credential Manager credentials were read.

Subject:
	Security ID:		S-1-5-18
	Account Name:		DESKTOP-596PFOQ$
	Account Domain:		WORKGROUP
	Logon ID:		0x3E7
	Read Operation:		Enumerate Credentials

This event occurs when a user performs a read operation on stored credentials in Credential Manager."
"11/9/2023 1:31:49 PM","5379","Credential Manager credentials were read.

Subject:
	Security ID:		S-1-5-18
	Account Name:		DESKTOP-596PFOQ$
	Account Domain:		WORKGROUP
	Logon ID:		0x3E7
	Read Operation:		Enumerate Credentials

This event occurs when a user performs a read operation on stored credentials in Credential Manager."
